C51 COMPILER V9.60.7.0   FONT                                                              12/11/2023 21:20:52 PAGE 1   


C51 COMPILER V9.60.7.0, COMPILATION OF MODULE FONT
OBJECT MODULE PLACED IN .\Objects\font.obj
COMPILER INVOKED BY: D:\ProgramFiles\Keil_v5\C51\BIN\C51.EXE font.c LARGE OPTIMIZE(8,SPEED) BROWSE DEBUG OBJECTEXTEND PR
                    -INT(.\Listings\font.lst) TABS(2) OBJECT(.\Objects\font.obj)

line level    source

   1          /**
   2           * @file font.c
   3           * @brief 字体库
   4           *
   5           * @attention
   6           * 本字体库与波特律动OLED驱动配套使用
   7           * 英文字库已包含
   8           * 中文字库请使用波特律动LED取模工具生成(https://led.baud-dance.com)
   9           * 图模也使用波特律动LED取模工具生成
  10           */
  11          // clang-format off
  12          #include "font.h"
  13          /*8051 Version
  14           *STC15,STC8 With HW IIC
  15           *Note:请勿随意改变函数、变量定义/声明的位置
  16           *Note:结构体变量定义/声明时需要struct关键字（可能是编译器的BUG）
  17           *Note:code关键字用于确保常量位于flash中，请勿删除
  18           *Note:编译选项Memory Model选择Large:variables in XDATA
  19           *2023/12/11 FQL
  20          */
  21          // 8*6 ASCII
  22          const unsigned char code ascii_8x6[][6] = {
  23              {0x00, 0x00, 0x00, 0x00, 0x00, 0x00}, // space 空格
  24              {0x00, 0x00, 0x00, 0x2f, 0x00, 0x00}, // !
  25              {0x00, 0x00, 0x07, 0x00, 0x07, 0x00}, // "
  26              {0x00, 0x14, 0x7f, 0x14, 0x7f, 0x14}, // #
  27              {0x00, 0x24, 0x2a, 0x7f, 0x2a, 0x12}, // $
  28              {0x00, 0x62, 0x64, 0x08, 0x13, 0x23}, // %
  29              {0x00, 0x36, 0x49, 0x55, 0x22, 0x50}, // &
  30              {0x00, 0x00, 0x05, 0x03, 0x00, 0x00}, // '
  31              {0x00, 0x00, 0x1c, 0x22, 0x41, 0x00}, // (
  32              {0x00, 0x00, 0x41, 0x22, 0x1c, 0x00}, // )
  33              {0x00, 0x14, 0x08, 0x3E, 0x08, 0x14}, // *
  34              {0x00, 0x08, 0x08, 0x3E, 0x08, 0x08}, // +
  35              {0x00, 0x00, 0x00, 0xA0, 0x60, 0x00}, // ,
  36              {0x00, 0x08, 0x08, 0x08, 0x08, 0x08}, // -
  37              {0x00, 0x00, 0x60, 0x60, 0x00, 0x00}, // .
  38              {0x00, 0x20, 0x10, 0x08, 0x04, 0x02}, // /
  39              {0x00, 0x3E, 0x51, 0x49, 0x45, 0x3E}, // 0
  40              {0x00, 0x00, 0x42, 0x7F, 0x40, 0x00}, // 1
  41              {0x00, 0x42, 0x61, 0x51, 0x49, 0x46}, // 2
  42              {0x00, 0x21, 0x41, 0x45, 0x4B, 0x31}, // 3
  43              {0x00, 0x18, 0x14, 0x12, 0x7F, 0x10}, // 4
  44              {0x00, 0x27, 0x45, 0x45, 0x45, 0x39}, // 5
  45              {0x00, 0x3C, 0x4A, 0x49, 0x49, 0x30}, // 6
  46              {0x00, 0x01, 0x71, 0x09, 0x05, 0x03}, // 7
  47              {0x00, 0x36, 0x49, 0x49, 0x49, 0x36}, // 8
  48              {0x00, 0x06, 0x49, 0x49, 0x29, 0x1E}, // 9
  49              {0x00, 0x00, 0x36, 0x36, 0x00, 0x00}, // :
  50              {0x00, 0x00, 0x56, 0x36, 0x00, 0x00}, // ;
  51              {0x00, 0x08, 0x14, 0x22, 0x41, 0x00}, // <
  52              {0x00, 0x14, 0x14, 0x14, 0x14, 0x14}, // =
  53              {0x00, 0x00, 0x41, 0x22, 0x14, 0x08}, // >
  54              {0x00, 0x02, 0x01, 0x51, 0x09, 0x06}, // ?
C51 COMPILER V9.60.7.0   FONT                                                              12/11/2023 21:20:52 PAGE 2   

  55              {0x00, 0x32, 0x49, 0x59, 0x51, 0x3E}, // @
  56              {0x00, 0x7C, 0x12, 0x11, 0x12, 0x7C}, // A
  57              {0x00, 0x7F, 0x49, 0x49, 0x49, 0x36}, // B
  58              {0x00, 0x3E, 0x41, 0x41, 0x41, 0x22}, // C
  59              {0x00, 0x7F, 0x41, 0x41, 0x22, 0x1C}, // D
  60              {0x00, 0x7F, 0x49, 0x49, 0x49, 0x41}, // E
  61              {0x00, 0x7F, 0x09, 0x09, 0x09, 0x01}, // F
  62              {0x00, 0x3E, 0x41, 0x49, 0x49, 0x7A}, // G
  63              {0x00, 0x7F, 0x08, 0x08, 0x08, 0x7F}, // H
  64              {0x00, 0x00, 0x41, 0x7F, 0x41, 0x00}, // I
  65              {0x00, 0x20, 0x40, 0x41, 0x3F, 0x01}, // J
  66              {0x00, 0x7F, 0x08, 0x14, 0x22, 0x41}, // K
  67              {0x00, 0x7F, 0x40, 0x40, 0x40, 0x40}, // L
  68              {0x00, 0x7F, 0x02, 0x0C, 0x02, 0x7F}, // M
  69              {0x00, 0x7F, 0x04, 0x08, 0x10, 0x7F}, // N
  70              {0x00, 0x3E, 0x41, 0x41, 0x41, 0x3E}, // O
  71              {0x00, 0x7F, 0x09, 0x09, 0x09, 0x06}, // P
  72              {0x00, 0x3E, 0x41, 0x51, 0x21, 0x5E}, // Q
  73              {0x00, 0x7F, 0x09, 0x19, 0x29, 0x46}, // R
  74              {0x00, 0x46, 0x49, 0x49, 0x49, 0x31}, // S
  75              {0x00, 0x01, 0x01, 0x7F, 0x01, 0x01}, // T
  76              {0x00, 0x3F, 0x40, 0x40, 0x40, 0x3F}, // U
  77              {0x00, 0x1F, 0x20, 0x40, 0x20, 0x1F}, // V
  78              {0x00, 0x3F, 0x40, 0x38, 0x40, 0x3F}, // W
  79              {0x00, 0x63, 0x14, 0x08, 0x14, 0x63}, // X
  80              {0x00, 0x07, 0x08, 0x70, 0x08, 0x07}, // Y
  81              {0x00, 0x61, 0x51, 0x49, 0x45, 0x43}, // Z
  82              {0x00, 0x00, 0x7F, 0x41, 0x41, 0x00}, // [
  83              {0x00, 0x55, 0x2A, 0x55, 0x2A, 0x55}, // 55
  84              {0x00, 0x00, 0x41, 0x41, 0x7F, 0x00}, // ]
  85              {0x00, 0x04, 0x02, 0x01, 0x02, 0x04}, // ^
  86              {0x00, 0x40, 0x40, 0x40, 0x40, 0x40}, // _
  87              {0x00, 0x00, 0x01, 0x02, 0x04, 0x00}, // '
  88              {0x00, 0x20, 0x54, 0x54, 0x54, 0x78}, // a
  89              {0x00, 0x7F, 0x48, 0x44, 0x44, 0x38}, // b
  90              {0x00, 0x38, 0x44, 0x44, 0x44, 0x20}, // c
  91              {0x00, 0x38, 0x44, 0x44, 0x48, 0x7F}, // d
  92              {0x00, 0x38, 0x54, 0x54, 0x54, 0x18}, // e
  93              {0x00, 0x08, 0x7E, 0x09, 0x01, 0x02}, // f
  94              {0x00, 0x18, 0xA4, 0xA4, 0xA4, 0x7C}, // g
  95              {0x00, 0x7F, 0x08, 0x04, 0x04, 0x78}, // h
  96              {0x00, 0x00, 0x44, 0x7D, 0x40, 0x00}, // i
  97              {0x00, 0x40, 0x80, 0x84, 0x7D, 0x00}, // j
  98              {0x00, 0x7F, 0x10, 0x28, 0x44, 0x00}, // k
  99              {0x00, 0x00, 0x41, 0x7F, 0x40, 0x00}, // l
 100              {0x00, 0x7C, 0x04, 0x18, 0x04, 0x78}, // m
 101              {0x00, 0x7C, 0x08, 0x04, 0x04, 0x78}, // n
 102              {0x00, 0x38, 0x44, 0x44, 0x44, 0x38}, // o
 103              {0x00, 0xFC, 0x24, 0x24, 0x24, 0x18}, // p
 104              {0x00, 0x18, 0x24, 0x24, 0x18, 0xFC}, // q
 105              {0x00, 0x7C, 0x08, 0x04, 0x04, 0x08}, // r
 106              {0x00, 0x48, 0x54, 0x54, 0x54, 0x20}, // s
 107              {0x00, 0x04, 0x3F, 0x44, 0x40, 0x20}, // t
 108              {0x00, 0x3C, 0x40, 0x40, 0x20, 0x7C}, // u
 109              {0x00, 0x1C, 0x20, 0x40, 0x20, 0x1C}, // v
 110              {0x00, 0x3C, 0x40, 0x30, 0x40, 0x3C}, // w
 111              {0x00, 0x44, 0x28, 0x10, 0x28, 0x44}, // x
 112              {0x00, 0x1C, 0xA0, 0xA0, 0xA0, 0x7C}, // y
 113              {0x00, 0x44, 0x64, 0x54, 0x4C, 0x44}, // z
 114              {0x14, 0x14, 0x14, 0x14, 0x14, 0x14}, // horiz lines
 115          };
 116          
C51 COMPILER V9.60.7.0   FONT                                                              12/11/2023 21:20:52 PAGE 3   

 117          const unsigned char code ascii_12x6[][12] = {
 118              {0x00, 0x00, 0x00, 0x00, 0x00, 0x00, 0x00, 0x00, 0x00, 0x00, 0x00, 0x00}, /*" ",0*/
 119              {0x00, 0x00, 0xFC, 0x00, 0x00, 0x00, 0x00, 0x00, 0x02, 0x00, 0x00, 0x00}, /*"!",1*/
 120              {0x00, 0x0C, 0x02, 0x0C, 0x02, 0x00, 0x00, 0x00, 0x00, 0x00, 0x00, 0x00}, /*""",2*/
 121              {0x90, 0xD0, 0xBC, 0xD0, 0xBC, 0x90, 0x00, 0x03, 0x00, 0x03, 0x00, 0x00}, /*"#",3*/
 122              {0x18, 0x24, 0xFE, 0x44, 0x8C, 0x00, 0x03, 0x02, 0x07, 0x02, 0x01, 0x00}, /*"$",4*/
 123              {0x18, 0x24, 0xD8, 0xB0, 0x4C, 0x80, 0x00, 0x03, 0x00, 0x01, 0x02, 0x01}, /*"%",5*/
 124              {0xC0, 0x38, 0xE4, 0x38, 0xE0, 0x00, 0x01, 0x02, 0x02, 0x01, 0x02, 0x02}, /*"&",6*/
 125              {0x08, 0x06, 0x00, 0x00, 0x00, 0x00, 0x00, 0x00, 0x00, 0x00, 0x00, 0x00}, /*"'",7*/
 126              {0x00, 0x00, 0x00, 0xF8, 0x04, 0x02, 0x00, 0x00, 0x00, 0x01, 0x02, 0x04}, /*"(",8*/
 127              {0x00, 0x02, 0x04, 0xF8, 0x00, 0x00, 0x00, 0x04, 0x02, 0x01, 0x00, 0x00}, /*")",9*/
 128              {0x90, 0x60, 0xF8, 0x60, 0x90, 0x00, 0x00, 0x00, 0x01, 0x00, 0x00, 0x00}, /*"*",10*/
 129              {0x20, 0x20, 0xFC, 0x20, 0x20, 0x00, 0x00, 0x00, 0x01, 0x00, 0x00, 0x00}, /*"+",11*/
 130              {0x00, 0x00, 0x00, 0x00, 0x00, 0x00, 0x08, 0x06, 0x00, 0x00, 0x00, 0x00}, /*",",12*/
 131              {0x20, 0x20, 0x20, 0x20, 0x20, 0x00, 0x00, 0x00, 0x00, 0x00, 0x00, 0x00}, /*"-",13*/
 132              {0x00, 0x00, 0x00, 0x00, 0x00, 0x00, 0x00, 0x02, 0x00, 0x00, 0x00, 0x00}, /*".",14*/
 133              {0x00, 0x80, 0x60, 0x1C, 0x02, 0x00, 0x04, 0x03, 0x00, 0x00, 0x00, 0x00}, /*"/",15*/
 134              {0xF8, 0x04, 0x04, 0x04, 0xF8, 0x00, 0x01, 0x02, 0x02, 0x02, 0x01, 0x00}, /*"0",16*/
 135              {0x00, 0x08, 0xFC, 0x00, 0x00, 0x00, 0x00, 0x02, 0x03, 0x02, 0x00, 0x00}, /*"1",17*/
 136              {0x18, 0x84, 0x44, 0x24, 0x18, 0x00, 0x03, 0x02, 0x02, 0x02, 0x02, 0x00}, /*"2",18*/
 137              {0x08, 0x04, 0x24, 0x24, 0xD8, 0x00, 0x01, 0x02, 0x02, 0x02, 0x01, 0x00}, /*"3",19*/
 138              {0x40, 0xB0, 0x88, 0xFC, 0x80, 0x00, 0x00, 0x00, 0x00, 0x03, 0x02, 0x00}, /*"4",20*/
 139              {0x3C, 0x24, 0x24, 0x24, 0xC4, 0x00, 0x01, 0x02, 0x02, 0x02, 0x01, 0x00}, /*"5",21*/
 140              {0xF8, 0x24, 0x24, 0x2C, 0xC0, 0x00, 0x01, 0x02, 0x02, 0x02, 0x01, 0x00}, /*"6",22*/
 141              {0x0C, 0x04, 0xE4, 0x1C, 0x04, 0x00, 0x00, 0x00, 0x03, 0x00, 0x00, 0x00}, /*"7",23*/
 142              {0xD8, 0x24, 0x24, 0x24, 0xD8, 0x00, 0x01, 0x02, 0x02, 0x02, 0x01, 0x00}, /*"8",24*/
 143              {0x38, 0x44, 0x44, 0x44, 0xF8, 0x00, 0x00, 0x03, 0x02, 0x02, 0x01, 0x00}, /*"9",25*/
 144              {0x00, 0x00, 0x10, 0x00, 0x00, 0x00, 0x00, 0x00, 0x02, 0x00, 0x00, 0x00}, /*":",26*/
 145              {0x00, 0x00, 0x20, 0x00, 0x00, 0x00, 0x00, 0x00, 0x06, 0x00, 0x00, 0x00}, /*";",27*/
 146              {0x00, 0x20, 0x50, 0x88, 0x04, 0x02, 0x00, 0x00, 0x00, 0x00, 0x01, 0x02}, /*"<",28*/
 147              {0x90, 0x90, 0x90, 0x90, 0x90, 0x00, 0x00, 0x00, 0x00, 0x00, 0x00, 0x00}, /*"=",29*/
 148              {0x00, 0x02, 0x04, 0x88, 0x50, 0x20, 0x00, 0x02, 0x01, 0x00, 0x00, 0x00}, /*">",30*/
 149              {0x18, 0x04, 0xC4, 0x24, 0x18, 0x00, 0x00, 0x00, 0x02, 0x00, 0x00, 0x00}, /*"?",31*/
 150              {0xF8, 0x04, 0xE4, 0x94, 0xF8, 0x00, 0x01, 0x02, 0x02, 0x02, 0x02, 0x00}, /*"@",32*/
 151              {0x00, 0xE0, 0x9C, 0xF0, 0x80, 0x00, 0x02, 0x03, 0x00, 0x00, 0x03, 0x02}, /*"A",33*/
 152              {0x04, 0xFC, 0x24, 0x24, 0xD8, 0x00, 0x02, 0x03, 0x02, 0x02, 0x01, 0x00}, /*"B",34*/
 153              {0xF8, 0x04, 0x04, 0x04, 0x0C, 0x00, 0x01, 0x02, 0x02, 0x02, 0x01, 0x00}, /*"C",35*/
 154              {0x04, 0xFC, 0x04, 0x04, 0xF8, 0x00, 0x02, 0x03, 0x02, 0x02, 0x01, 0x00}, /*"D",36*/
 155              {0x04, 0xFC, 0x24, 0x74, 0x0C, 0x00, 0x02, 0x03, 0x02, 0x02, 0x03, 0x00}, /*"E",37*/
 156              {0x04, 0xFC, 0x24, 0x74, 0x0C, 0x00, 0x02, 0x03, 0x02, 0x00, 0x00, 0x00}, /*"F",38*/
 157              {0xF0, 0x08, 0x04, 0x44, 0xCC, 0x40, 0x00, 0x01, 0x02, 0x02, 0x01, 0x00}, /*"G",39*/
 158              {0x04, 0xFC, 0x20, 0x20, 0xFC, 0x04, 0x02, 0x03, 0x00, 0x00, 0x03, 0x02}, /*"H",40*/
 159              {0x04, 0x04, 0xFC, 0x04, 0x04, 0x00, 0x02, 0x02, 0x03, 0x02, 0x02, 0x00}, /*"I",41*/
 160              {0x00, 0x04, 0x04, 0xFC, 0x04, 0x04, 0x06, 0x04, 0x04, 0x03, 0x00, 0x00}, /*"J",42*/
 161              {0x04, 0xFC, 0x24, 0xD0, 0x0C, 0x04, 0x02, 0x03, 0x02, 0x00, 0x03, 0x02}, /*"K",43*/
 162              {0x04, 0xFC, 0x04, 0x00, 0x00, 0x00, 0x02, 0x03, 0x02, 0x02, 0x02, 0x03}, /*"L",44*/
 163              {0xFC, 0x3C, 0xC0, 0x3C, 0xFC, 0x00, 0x03, 0x00, 0x03, 0x00, 0x03, 0x00}, /*"M",45*/
 164              {0x04, 0xFC, 0x30, 0xC4, 0xFC, 0x04, 0x02, 0x03, 0x02, 0x00, 0x03, 0x00}, /*"N",46*/
 165              {0xF8, 0x04, 0x04, 0x04, 0xF8, 0x00, 0x01, 0x02, 0x02, 0x02, 0x01, 0x00}, /*"O",47*/
 166              {0x04, 0xFC, 0x24, 0x24, 0x18, 0x00, 0x02, 0x03, 0x02, 0x00, 0x00, 0x00}, /*"P",48*/
 167              {0xF8, 0x84, 0x84, 0x04, 0xF8, 0x00, 0x01, 0x02, 0x02, 0x07, 0x05, 0x00}, /*"Q",49*/
 168              {0x04, 0xFC, 0x24, 0x64, 0x98, 0x00, 0x02, 0x03, 0x02, 0x00, 0x03, 0x02}, /*"R",50*/
 169              {0x18, 0x24, 0x24, 0x44, 0x8C, 0x00, 0x03, 0x02, 0x02, 0x02, 0x01, 0x00}, /*"S",51*/
 170              {0x0C, 0x04, 0xFC, 0x04, 0x0C, 0x00, 0x00, 0x02, 0x03, 0x02, 0x00, 0x00}, /*"T",52*/
 171              {0x04, 0xFC, 0x00, 0x00, 0xFC, 0x04, 0x00, 0x01, 0x02, 0x02, 0x01, 0x00}, /*"U",53*/
 172              {0x04, 0x7C, 0x80, 0xE0, 0x1C, 0x04, 0x00, 0x00, 0x03, 0x00, 0x00, 0x00}, /*"V",54*/
 173              {0x1C, 0xE0, 0x3C, 0xE0, 0x1C, 0x00, 0x00, 0x03, 0x00, 0x03, 0x00, 0x00}, /*"W",55*/
 174              {0x04, 0x9C, 0x60, 0x9C, 0x04, 0x00, 0x02, 0x03, 0x00, 0x03, 0x02, 0x00}, /*"X",56*/
 175              {0x04, 0x1C, 0xE0, 0x1C, 0x04, 0x00, 0x00, 0x02, 0x03, 0x02, 0x00, 0x00}, /*"Y",57*/
 176              {0x0C, 0x84, 0x64, 0x1C, 0x04, 0x00, 0x02, 0x03, 0x02, 0x02, 0x03, 0x00}, /*"Z",58*/
 177              {0x00, 0x00, 0xFE, 0x02, 0x02, 0x00, 0x00, 0x00, 0x07, 0x04, 0x04, 0x00}, /*"[",59*/
 178              {0x00, 0x0E, 0x30, 0xC0, 0x00, 0x00, 0x00, 0x00, 0x00, 0x01, 0x02, 0x00}, /*"\",60*/
C51 COMPILER V9.60.7.0   FONT                                                              12/11/2023 21:20:52 PAGE 4   

 179              {0x00, 0x02, 0x02, 0xFE, 0x00, 0x00, 0x00, 0x04, 0x04, 0x07, 0x00, 0x00}, /*"]",61*/
 180              {0x00, 0x04, 0x02, 0x04, 0x00, 0x00, 0x00, 0x00, 0x00, 0x00, 0x00, 0x00}, /*"^",62*/
 181              {0x00, 0x00, 0x00, 0x00, 0x00, 0x00, 0x08, 0x08, 0x08, 0x08, 0x08, 0x08}, /*"_",63*/
 182              {0x00, 0x00, 0x02, 0x00, 0x00, 0x00, 0x00, 0x00, 0x00, 0x00, 0x00, 0x00}, /*"`",64*/
 183              {0x00, 0x40, 0xA0, 0xA0, 0xC0, 0x00, 0x00, 0x01, 0x02, 0x02, 0x03, 0x02}, /*"a",65*/
 184              {0x04, 0xFC, 0x20, 0x20, 0xC0, 0x00, 0x00, 0x03, 0x02, 0x02, 0x01, 0x00}, /*"b",66*/
 185              {0x00, 0xC0, 0x20, 0x20, 0x60, 0x00, 0x00, 0x01, 0x02, 0x02, 0x02, 0x00}, /*"c",67*/
 186              {0x00, 0xC0, 0x20, 0x24, 0xFC, 0x00, 0x00, 0x01, 0x02, 0x02, 0x03, 0x02}, /*"d",68*/
 187              {0x00, 0xC0, 0xA0, 0xA0, 0xC0, 0x00, 0x00, 0x01, 0x02, 0x02, 0x02, 0x00}, /*"e",69*/
 188              {0x00, 0x20, 0xF8, 0x24, 0x24, 0x04, 0x00, 0x02, 0x03, 0x02, 0x02, 0x00}, /*"f",70*/
 189              {0x00, 0x40, 0xA0, 0xA0, 0x60, 0x20, 0x00, 0x07, 0x0A, 0x0A, 0x0A, 0x04}, /*"g",71*/
 190              {0x04, 0xFC, 0x20, 0x20, 0xC0, 0x00, 0x02, 0x03, 0x02, 0x00, 0x03, 0x02}, /*"h",72*/
 191              {0x00, 0x20, 0xE4, 0x00, 0x00, 0x00, 0x00, 0x02, 0x03, 0x02, 0x00, 0x00}, /*"i",73*/
 192              {0x00, 0x00, 0x20, 0xE4, 0x00, 0x00, 0x08, 0x08, 0x08, 0x07, 0x00, 0x00}, /*"j",74*/
 193              {0x04, 0xFC, 0x80, 0xE0, 0x20, 0x20, 0x02, 0x03, 0x02, 0x00, 0x03, 0x02}, /*"k",75*/
 194              {0x04, 0x04, 0xFC, 0x00, 0x00, 0x00, 0x02, 0x02, 0x03, 0x02, 0x02, 0x00}, /*"l",76*/
 195              {0xE0, 0x20, 0xE0, 0x20, 0xC0, 0x00, 0x03, 0x00, 0x03, 0x00, 0x03, 0x00}, /*"m",77*/
 196              {0x20, 0xE0, 0x20, 0x20, 0xC0, 0x00, 0x02, 0x03, 0x02, 0x00, 0x03, 0x02}, /*"n",78*/
 197              {0x00, 0xC0, 0x20, 0x20, 0xC0, 0x00, 0x00, 0x01, 0x02, 0x02, 0x01, 0x00}, /*"o",79*/
 198              {0x20, 0xE0, 0x20, 0x20, 0xC0, 0x00, 0x08, 0x0F, 0x0A, 0x02, 0x01, 0x00}, /*"p",80*/
 199              {0x00, 0xC0, 0x20, 0x20, 0xE0, 0x00, 0x00, 0x01, 0x02, 0x0A, 0x0F, 0x08}, /*"q",81*/
 200              {0x20, 0xE0, 0x40, 0x20, 0x20, 0x00, 0x02, 0x03, 0x02, 0x00, 0x00, 0x00}, /*"r",82*/
 201              {0x00, 0x60, 0xA0, 0xA0, 0x20, 0x00, 0x00, 0x02, 0x02, 0x02, 0x03, 0x00}, /*"s",83*/
 202              {0x00, 0x20, 0xF8, 0x20, 0x00, 0x00, 0x00, 0x00, 0x01, 0x02, 0x02, 0x00}, /*"t",84*/
 203              {0x20, 0xE0, 0x00, 0x20, 0xE0, 0x00, 0x00, 0x01, 0x02, 0x02, 0x03, 0x02}, /*"u",85*/
 204              {0x20, 0xE0, 0x20, 0x80, 0x60, 0x20, 0x00, 0x00, 0x03, 0x01, 0x00, 0x00}, /*"v",86*/
 205              {0x60, 0x80, 0xE0, 0x80, 0x60, 0x00, 0x00, 0x03, 0x00, 0x03, 0x00, 0x00}, /*"w",87*/
 206              {0x20, 0x60, 0x80, 0x60, 0x20, 0x00, 0x02, 0x03, 0x00, 0x03, 0x02, 0x00}, /*"x",88*/
 207              {0x20, 0xE0, 0x20, 0x80, 0x60, 0x20, 0x08, 0x08, 0x07, 0x01, 0x00, 0x00}, /*"y",89*/
 208              {0x00, 0x20, 0xA0, 0x60, 0x20, 0x00, 0x00, 0x02, 0x03, 0x02, 0x02, 0x00}, /*"z",90*/
 209              {0x00, 0x00, 0x20, 0xDE, 0x02, 0x00, 0x00, 0x00, 0x00, 0x07, 0x04, 0x00}, /*"{",91*/
 210              {0x00, 0x00, 0x00, 0xFF, 0x00, 0x00, 0x00, 0x00, 0x00, 0x0F, 0x00, 0x00}, /*"|",92*/
 211              {0x00, 0x02, 0xDE, 0x20, 0x00, 0x00, 0x00, 0x04, 0x07, 0x00, 0x00, 0x00}, /*"}",93*/
 212              {0x02, 0x01, 0x02, 0x04, 0x04, 0x02, 0x00, 0x00, 0x00, 0x00, 0x00, 0x00}, /*"~",94*/
 213          };
 214          
 215          const unsigned char code ascii_16x8[][16] = {
 216              {0x00, 0x00, 0x00, 0x00, 0x00, 0x00, 0x00, 0x00, 0x00, 0x00, 0x00, 0x00, 0x00, 0x00, 0x00, 0x00}, /*" 
             -",0*/
 217              {0x00, 0x00, 0x00, 0xF8, 0x00, 0x00, 0x00, 0x00, 0x00, 0x00, 0x00, 0x33, 0x30, 0x00, 0x00, 0x00}, /*"!
             -",1*/
 218              {0x00, 0x10, 0x0C, 0x06, 0x10, 0x0C, 0x06, 0x00, 0x00, 0x00, 0x00, 0x00, 0x00, 0x00, 0x00, 0x00}, /*""
             -",2*/
 219              {0x40, 0xC0, 0x78, 0x40, 0xC0, 0x78, 0x40, 0x00, 0x04, 0x3F, 0x04, 0x04, 0x3F, 0x04, 0x04, 0x00}, /*"#
             -",3*/
 220              {0x00, 0x70, 0x88, 0xFC, 0x08, 0x30, 0x00, 0x00, 0x00, 0x18, 0x20, 0xFF, 0x21, 0x1E, 0x00, 0x00}, /*"$
             -",4*/
 221              {0xF0, 0x08, 0xF0, 0x00, 0xE0, 0x18, 0x00, 0x00, 0x00, 0x21, 0x1C, 0x03, 0x1E, 0x21, 0x1E, 0x00}, /*"%
             -",5*/
 222              {0x00, 0xF0, 0x08, 0x88, 0x70, 0x00, 0x00, 0x00, 0x1E, 0x21, 0x23, 0x24, 0x19, 0x27, 0x21, 0x10}, /*"&
             -",6*/
 223              {0x10, 0x16, 0x0E, 0x00, 0x00, 0x00, 0x00, 0x00, 0x00, 0x00, 0x00, 0x00, 0x00, 0x00, 0x00, 0x00}, /*"'
             -",7*/
 224              {0x00, 0x00, 0x00, 0xE0, 0x18, 0x04, 0x02, 0x00, 0x00, 0x00, 0x00, 0x07, 0x18, 0x20, 0x40, 0x00}, /*"(
             -",8*/
 225              {0x00, 0x02, 0x04, 0x18, 0xE0, 0x00, 0x00, 0x00, 0x00, 0x40, 0x20, 0x18, 0x07, 0x00, 0x00, 0x00}, /*")
             -",9*/
 226              {0x40, 0x40, 0x80, 0xF0, 0x80, 0x40, 0x40, 0x00, 0x02, 0x02, 0x01, 0x0F, 0x01, 0x02, 0x02, 0x00}, /*"*
             -",10*/
 227              {0x00, 0x00, 0x00, 0xF0, 0x00, 0x00, 0x00, 0x00, 0x01, 0x01, 0x01, 0x1F, 0x01, 0x01, 0x01, 0x00}, /*"+
             -",11*/
 228              {0x00, 0x00, 0x00, 0x00, 0x00, 0x00, 0x00, 0x00, 0x80, 0xB0, 0x70, 0x00, 0x00, 0x00, 0x00, 0x00}, /*",
C51 COMPILER V9.60.7.0   FONT                                                              12/11/2023 21:20:52 PAGE 5   

             -",12*/
 229              {0x00, 0x00, 0x00, 0x00, 0x00, 0x00, 0x00, 0x00, 0x00, 0x01, 0x01, 0x01, 0x01, 0x01, 0x01, 0x01}, /*"-
             -",13*/
 230              {0x00, 0x00, 0x00, 0x00, 0x00, 0x00, 0x00, 0x00, 0x00, 0x30, 0x30, 0x00, 0x00, 0x00, 0x00, 0x00}, /*".
             -",14*/
 231              {0x00, 0x00, 0x00, 0x00, 0x80, 0x60, 0x18, 0x04, 0x00, 0x60, 0x18, 0x06, 0x01, 0x00, 0x00, 0x00}, /*"/
             -",15*/
 232              {0x00, 0xE0, 0x10, 0x08, 0x08, 0x10, 0xE0, 0x00, 0x00, 0x0F, 0x10, 0x20, 0x20, 0x10, 0x0F, 0x00}, /*"0
             -",16*/
 233              {0x00, 0x10, 0x10, 0xF8, 0x00, 0x00, 0x00, 0x00, 0x00, 0x20, 0x20, 0x3F, 0x20, 0x20, 0x00, 0x00}, /*"1
             -",17*/
 234              {0x00, 0x70, 0x08, 0x08, 0x08, 0x88, 0x70, 0x00, 0x00, 0x30, 0x28, 0x24, 0x22, 0x21, 0x30, 0x00}, /*"2
             -",18*/
 235              {0x00, 0x30, 0x08, 0x88, 0x88, 0x48, 0x30, 0x00, 0x00, 0x18, 0x20, 0x20, 0x20, 0x11, 0x0E, 0x00}, /*"3
             -",19*/
 236              {0x00, 0x00, 0xC0, 0x20, 0x10, 0xF8, 0x00, 0x00, 0x00, 0x07, 0x04, 0x24, 0x24, 0x3F, 0x24, 0x00}, /*"4
             -",20*/
 237              {0x00, 0xF8, 0x08, 0x88, 0x88, 0x08, 0x08, 0x00, 0x00, 0x19, 0x21, 0x20, 0x20, 0x11, 0x0E, 0x00}, /*"5
             -",21*/
 238              {0x00, 0xE0, 0x10, 0x88, 0x88, 0x18, 0x00, 0x00, 0x00, 0x0F, 0x11, 0x20, 0x20, 0x11, 0x0E, 0x00}, /*"6
             -",22*/
 239              {0x00, 0x38, 0x08, 0x08, 0xC8, 0x38, 0x08, 0x00, 0x00, 0x00, 0x00, 0x3F, 0x00, 0x00, 0x00, 0x00}, /*"7
             -",23*/
 240              {0x00, 0x70, 0x88, 0x08, 0x08, 0x88, 0x70, 0x00, 0x00, 0x1C, 0x22, 0x21, 0x21, 0x22, 0x1C, 0x00}, /*"8
             -",24*/
 241              {0x00, 0xE0, 0x10, 0x08, 0x08, 0x10, 0xE0, 0x00, 0x00, 0x00, 0x31, 0x22, 0x22, 0x11, 0x0F, 0x00}, /*"9
             -",25*/
 242              {0x00, 0x00, 0x00, 0xC0, 0xC0, 0x00, 0x00, 0x00, 0x00, 0x00, 0x00, 0x30, 0x30, 0x00, 0x00, 0x00}, /*":
             -",26*/
 243              {0x00, 0x00, 0x00, 0x80, 0x00, 0x00, 0x00, 0x00, 0x00, 0x00, 0x80, 0x60, 0x00, 0x00, 0x00, 0x00}, /*";
             -",27*/
 244              {0x00, 0x00, 0x80, 0x40, 0x20, 0x10, 0x08, 0x00, 0x00, 0x01, 0x02, 0x04, 0x08, 0x10, 0x20, 0x00}, /*"<
             -",28*/
 245              {0x40, 0x40, 0x40, 0x40, 0x40, 0x40, 0x40, 0x00, 0x04, 0x04, 0x04, 0x04, 0x04, 0x04, 0x04, 0x00}, /*"=
             -",29*/
 246              {0x00, 0x08, 0x10, 0x20, 0x40, 0x80, 0x00, 0x00, 0x00, 0x20, 0x10, 0x08, 0x04, 0x02, 0x01, 0x00}, /*">
             -",30*/
 247              {0x00, 0x70, 0x48, 0x08, 0x08, 0x08, 0xF0, 0x00, 0x00, 0x00, 0x00, 0x30, 0x36, 0x01, 0x00, 0x00}, /*"?
             -",31*/
 248              {0xC0, 0x30, 0xC8, 0x28, 0xE8, 0x10, 0xE0, 0x00, 0x07, 0x18, 0x27, 0x24, 0x23, 0x14, 0x0B, 0x00}, /*"@
             -",32*/
 249              {0x00, 0x00, 0xC0, 0x38, 0xE0, 0x00, 0x00, 0x00, 0x20, 0x3C, 0x23, 0x02, 0x02, 0x27, 0x38, 0x20}, /*"A
             -",33*/
 250              {0x08, 0xF8, 0x88, 0x88, 0x88, 0x70, 0x00, 0x00, 0x20, 0x3F, 0x20, 0x20, 0x20, 0x11, 0x0E, 0x00}, /*"B
             -",34*/
 251              {0xC0, 0x30, 0x08, 0x08, 0x08, 0x08, 0x38, 0x00, 0x07, 0x18, 0x20, 0x20, 0x20, 0x10, 0x08, 0x00}, /*"C
             -",35*/
 252              {0x08, 0xF8, 0x08, 0x08, 0x08, 0x10, 0xE0, 0x00, 0x20, 0x3F, 0x20, 0x20, 0x20, 0x10, 0x0F, 0x00}, /*"D
             -",36*/
 253              {0x08, 0xF8, 0x88, 0x88, 0xE8, 0x08, 0x10, 0x00, 0x20, 0x3F, 0x20, 0x20, 0x23, 0x20, 0x18, 0x00}, /*"E
             -",37*/
 254              {0x08, 0xF8, 0x88, 0x88, 0xE8, 0x08, 0x10, 0x00, 0x20, 0x3F, 0x20, 0x00, 0x03, 0x00, 0x00, 0x00}, /*"F
             -",38*/
 255              {0xC0, 0x30, 0x08, 0x08, 0x08, 0x38, 0x00, 0x00, 0x07, 0x18, 0x20, 0x20, 0x22, 0x1E, 0x02, 0x00}, /*"G
             -",39*/
 256              {0x08, 0xF8, 0x08, 0x00, 0x00, 0x08, 0xF8, 0x08, 0x20, 0x3F, 0x21, 0x01, 0x01, 0x21, 0x3F, 0x20}, /*"H
             -",40*/
 257              {0x00, 0x08, 0x08, 0xF8, 0x08, 0x08, 0x00, 0x00, 0x00, 0x20, 0x20, 0x3F, 0x20, 0x20, 0x00, 0x00}, /*"I
             -",41*/
 258              {0x00, 0x00, 0x08, 0x08, 0xF8, 0x08, 0x08, 0x00, 0xC0, 0x80, 0x80, 0x80, 0x7F, 0x00, 0x00, 0x00}, /*"J
             -",42*/
 259              {0x08, 0xF8, 0x88, 0xC0, 0x28, 0x18, 0x08, 0x00, 0x20, 0x3F, 0x20, 0x01, 0x26, 0x38, 0x20, 0x00}, /*"K
C51 COMPILER V9.60.7.0   FONT                                                              12/11/2023 21:20:52 PAGE 6   

             -",43*/
 260              {0x08, 0xF8, 0x08, 0x00, 0x00, 0x00, 0x00, 0x00, 0x20, 0x3F, 0x20, 0x20, 0x20, 0x20, 0x30, 0x00}, /*"L
             -",44*/
 261              {0x08, 0xF8, 0xF8, 0x00, 0xF8, 0xF8, 0x08, 0x00, 0x20, 0x3F, 0x00, 0x3F, 0x00, 0x3F, 0x20, 0x00}, /*"M
             -",45*/
 262              {0x08, 0xF8, 0x30, 0xC0, 0x00, 0x08, 0xF8, 0x08, 0x20, 0x3F, 0x20, 0x00, 0x07, 0x18, 0x3F, 0x00}, /*"N
             -",46*/
 263              {0xE0, 0x10, 0x08, 0x08, 0x08, 0x10, 0xE0, 0x00, 0x0F, 0x10, 0x20, 0x20, 0x20, 0x10, 0x0F, 0x00}, /*"O
             -",47*/
 264              {0x08, 0xF8, 0x08, 0x08, 0x08, 0x08, 0xF0, 0x00, 0x20, 0x3F, 0x21, 0x01, 0x01, 0x01, 0x00, 0x00}, /*"P
             -",48*/
 265              {0xE0, 0x10, 0x08, 0x08, 0x08, 0x10, 0xE0, 0x00, 0x0F, 0x18, 0x24, 0x24, 0x38, 0x50, 0x4F, 0x00}, /*"Q
             -",49*/
 266              {0x08, 0xF8, 0x88, 0x88, 0x88, 0x88, 0x70, 0x00, 0x20, 0x3F, 0x20, 0x00, 0x03, 0x0C, 0x30, 0x20}, /*"R
             -",50*/
 267              {0x00, 0x70, 0x88, 0x08, 0x08, 0x08, 0x38, 0x00, 0x00, 0x38, 0x20, 0x21, 0x21, 0x22, 0x1C, 0x00}, /*"S
             -",51*/
 268              {0x18, 0x08, 0x08, 0xF8, 0x08, 0x08, 0x18, 0x00, 0x00, 0x00, 0x20, 0x3F, 0x20, 0x00, 0x00, 0x00}, /*"T
             -",52*/
 269              {0x08, 0xF8, 0x08, 0x00, 0x00, 0x08, 0xF8, 0x08, 0x00, 0x1F, 0x20, 0x20, 0x20, 0x20, 0x1F, 0x00}, /*"U
             -",53*/
 270              {0x08, 0x78, 0x88, 0x00, 0x00, 0xC8, 0x38, 0x08, 0x00, 0x00, 0x07, 0x38, 0x0E, 0x01, 0x00, 0x00}, /*"V
             -",54*/
 271              {0xF8, 0x08, 0x00, 0xF8, 0x00, 0x08, 0xF8, 0x00, 0x03, 0x3C, 0x07, 0x00, 0x07, 0x3C, 0x03, 0x00}, /*"W
             -",55*/
 272              {0x08, 0x18, 0x68, 0x80, 0x80, 0x68, 0x18, 0x08, 0x20, 0x30, 0x2C, 0x03, 0x03, 0x2C, 0x30, 0x20}, /*"X
             -",56*/
 273              {0x08, 0x38, 0xC8, 0x00, 0xC8, 0x38, 0x08, 0x00, 0x00, 0x00, 0x20, 0x3F, 0x20, 0x00, 0x00, 0x00}, /*"Y
             -",57*/
 274              {0x10, 0x08, 0x08, 0x08, 0xC8, 0x38, 0x08, 0x00, 0x20, 0x38, 0x26, 0x21, 0x20, 0x20, 0x18, 0x00}, /*"Z
             -",58*/
 275              {0x00, 0x00, 0x00, 0xFE, 0x02, 0x02, 0x02, 0x00, 0x00, 0x00, 0x00, 0x7F, 0x40, 0x40, 0x40, 0x00}, /*"[
             -",59*/
 276              {0x00, 0x0C, 0x30, 0xC0, 0x00, 0x00, 0x00, 0x00, 0x00, 0x00, 0x00, 0x01, 0x06, 0x38, 0xC0, 0x00}, /*"\
             -",60*/
 277              {0x00, 0x02, 0x02, 0x02, 0xFE, 0x00, 0x00, 0x00, 0x00, 0x40, 0x40, 0x40, 0x7F, 0x00, 0x00, 0x00}, /*"]
             -",61*/
 278              {0x00, 0x00, 0x04, 0x02, 0x02, 0x02, 0x04, 0x00, 0x00, 0x00, 0x00, 0x00, 0x00, 0x00, 0x00, 0x00}, /*"^
             -",62*/
 279              {0x00, 0x00, 0x00, 0x00, 0x00, 0x00, 0x00, 0x00, 0x80, 0x80, 0x80, 0x80, 0x80, 0x80, 0x80, 0x80}, /*"_
             -",63*/
 280              {0x00, 0x02, 0x02, 0x04, 0x00, 0x00, 0x00, 0x00, 0x00, 0x00, 0x00, 0x00, 0x00, 0x00, 0x00, 0x00}, /*"`
             -",64*/
 281              {0x00, 0x00, 0x80, 0x80, 0x80, 0x80, 0x00, 0x00, 0x00, 0x19, 0x24, 0x22, 0x22, 0x22, 0x3F, 0x20}, /*"a
             -",65*/
 282              {0x08, 0xF8, 0x00, 0x80, 0x80, 0x00, 0x00, 0x00, 0x00, 0x3F, 0x11, 0x20, 0x20, 0x11, 0x0E, 0x00}, /*"b
             -",66*/
 283              {0x00, 0x00, 0x00, 0x80, 0x80, 0x80, 0x00, 0x00, 0x00, 0x0E, 0x11, 0x20, 0x20, 0x20, 0x11, 0x00}, /*"c
             -",67*/
 284              {0x00, 0x00, 0x00, 0x80, 0x80, 0x88, 0xF8, 0x00, 0x00, 0x0E, 0x11, 0x20, 0x20, 0x10, 0x3F, 0x20}, /*"d
             -",68*/
 285              {0x00, 0x00, 0x80, 0x80, 0x80, 0x80, 0x00, 0x00, 0x00, 0x1F, 0x22, 0x22, 0x22, 0x22, 0x13, 0x00}, /*"e
             -",69*/
 286              {0x00, 0x80, 0x80, 0xF0, 0x88, 0x88, 0x88, 0x18, 0x00, 0x20, 0x20, 0x3F, 0x20, 0x20, 0x00, 0x00}, /*"f
             -",70*/
 287              {0x00, 0x00, 0x80, 0x80, 0x80, 0x80, 0x80, 0x00, 0x00, 0x6B, 0x94, 0x94, 0x94, 0x93, 0x60, 0x00}, /*"g
             -",71*/
 288              {0x08, 0xF8, 0x00, 0x80, 0x80, 0x80, 0x00, 0x00, 0x20, 0x3F, 0x21, 0x00, 0x00, 0x20, 0x3F, 0x20}, /*"h
             -",72*/
 289              {0x00, 0x80, 0x98, 0x98, 0x00, 0x00, 0x00, 0x00, 0x00, 0x20, 0x20, 0x3F, 0x20, 0x20, 0x00, 0x00}, /*"i
             -",73*/
 290              {0x00, 0x00, 0x00, 0x80, 0x98, 0x98, 0x00, 0x00, 0x00, 0xC0, 0x80, 0x80, 0x80, 0x7F, 0x00, 0x00}, /*"j
C51 COMPILER V9.60.7.0   FONT                                                              12/11/2023 21:20:52 PAGE 7   

             -",74*/
 291              {0x08, 0xF8, 0x00, 0x00, 0x80, 0x80, 0x80, 0x00, 0x20, 0x3F, 0x24, 0x02, 0x2D, 0x30, 0x20, 0x00}, /*"k
             -",75*/
 292              {0x00, 0x08, 0x08, 0xF8, 0x00, 0x00, 0x00, 0x00, 0x00, 0x20, 0x20, 0x3F, 0x20, 0x20, 0x00, 0x00}, /*"l
             -",76*/
 293              {0x80, 0x80, 0x80, 0x80, 0x80, 0x80, 0x80, 0x00, 0x20, 0x3F, 0x20, 0x00, 0x3F, 0x20, 0x00, 0x3F}, /*"m
             -",77*/
 294              {0x80, 0x80, 0x00, 0x80, 0x80, 0x80, 0x00, 0x00, 0x20, 0x3F, 0x21, 0x00, 0x00, 0x20, 0x3F, 0x20}, /*"n
             -",78*/
 295              {0x00, 0x00, 0x80, 0x80, 0x80, 0x80, 0x00, 0x00, 0x00, 0x1F, 0x20, 0x20, 0x20, 0x20, 0x1F, 0x00}, /*"o
             -",79*/
 296              {0x80, 0x80, 0x00, 0x80, 0x80, 0x00, 0x00, 0x00, 0x80, 0xFF, 0xA1, 0x20, 0x20, 0x11, 0x0E, 0x00}, /*"p
             -",80*/
 297              {0x00, 0x00, 0x00, 0x80, 0x80, 0x80, 0x80, 0x00, 0x00, 0x0E, 0x11, 0x20, 0x20, 0xA0, 0xFF, 0x80}, /*"q
             -",81*/
 298              {0x80, 0x80, 0x80, 0x00, 0x80, 0x80, 0x80, 0x00, 0x20, 0x20, 0x3F, 0x21, 0x20, 0x00, 0x01, 0x00}, /*"r
             -",82*/
 299              {0x00, 0x00, 0x80, 0x80, 0x80, 0x80, 0x80, 0x00, 0x00, 0x33, 0x24, 0x24, 0x24, 0x24, 0x19, 0x00}, /*"s
             -",83*/
 300              {0x00, 0x80, 0x80, 0xE0, 0x80, 0x80, 0x00, 0x00, 0x00, 0x00, 0x00, 0x1F, 0x20, 0x20, 0x00, 0x00}, /*"t
             -",84*/
 301              {0x80, 0x80, 0x00, 0x00, 0x00, 0x80, 0x80, 0x00, 0x00, 0x1F, 0x20, 0x20, 0x20, 0x10, 0x3F, 0x20}, /*"u
             -",85*/
 302              {0x80, 0x80, 0x80, 0x00, 0x00, 0x80, 0x80, 0x80, 0x00, 0x01, 0x0E, 0x30, 0x08, 0x06, 0x01, 0x00}, /*"v
             -",86*/
 303              {0x80, 0x80, 0x00, 0x80, 0x00, 0x80, 0x80, 0x80, 0x0F, 0x30, 0x0C, 0x03, 0x0C, 0x30, 0x0F, 0x00}, /*"w
             -",87*/
 304              {0x00, 0x80, 0x80, 0x00, 0x80, 0x80, 0x80, 0x00, 0x00, 0x20, 0x31, 0x2E, 0x0E, 0x31, 0x20, 0x00}, /*"x
             -",88*/
 305              {0x80, 0x80, 0x80, 0x00, 0x00, 0x80, 0x80, 0x80, 0x80, 0x81, 0x8E, 0x70, 0x18, 0x06, 0x01, 0x00}, /*"y
             -",89*/
 306              {0x00, 0x80, 0x80, 0x80, 0x80, 0x80, 0x80, 0x00, 0x00, 0x21, 0x30, 0x2C, 0x22, 0x21, 0x30, 0x00}, /*"z
             -",90*/
 307              {0x00, 0x00, 0x00, 0x00, 0x80, 0x7C, 0x02, 0x02, 0x00, 0x00, 0x00, 0x00, 0x00, 0x3F, 0x40, 0x40}, /*"{
             -",91*/
 308              {0x00, 0x00, 0x00, 0x00, 0xFF, 0x00, 0x00, 0x00, 0x00, 0x00, 0x00, 0x00, 0xFF, 0x00, 0x00, 0x00}, /*"|
             -",92*/
 309              {0x00, 0x02, 0x02, 0x7C, 0x80, 0x00, 0x00, 0x00, 0x00, 0x40, 0x40, 0x3F, 0x00, 0x00, 0x00, 0x00}, /*"}
             -",93*/
 310              {0x00, 0x06, 0x01, 0x01, 0x02, 0x02, 0x04, 0x04, 0x00, 0x00, 0x00, 0x00, 0x00, 0x00, 0x00, 0x00}, /*"~
             -",94*/
 311          };
 312          
 313          const unsigned char code ascii_24x12[][36] = {
 314              {0x00, 0x00, 0x00, 0x00, 0x00, 0x00, 0x00, 0x00, 0x00, 0x00, 0x00, 0x00, 0x00, 0x00, 0x00, 0x00, 0x00,
             - 0x00, 0x00, 0x00, 0x00, 0x00, 0x00, 0x00, 0x00, 0x00, 0x00, 0x00, 0x00, 0x00, 0x00, 0x00, 0x00, 0x00, 0x00, 0x00}, /*" 
             -",0*/
 315              {0x00, 0x00, 0x00, 0x00, 0x00, 0xF0, 0xF0, 0xF0, 0x00, 0x00, 0x00, 0x00, 0x00, 0x00, 0x00, 0x00, 0x00,
             - 0x01, 0x7F, 0x01, 0x00, 0x00, 0x00, 0x00, 0x00, 0x00, 0x00, 0x00, 0x00, 0x1C, 0x1C, 0x1C, 0x00, 0x00, 0x00, 0x00}, /*"!
             -",1*/
 316              {0x00, 0x00, 0x80, 0x60, 0x30, 0x1C, 0x8C, 0x60, 0x30, 0x1C, 0x0C, 0x00, 0x00, 0x00, 0x00, 0x00, 0x00,
             - 0x00, 0x00, 0x00, 0x00, 0x00, 0x00, 0x00, 0x00, 0x00, 0x00, 0x00, 0x00, 0x00, 0x00, 0x00, 0x00, 0x00, 0x00, 0x00}, /*""
             -",2*/
 317              {0x00, 0x00, 0x00, 0xE0, 0x00, 0x00, 0x00, 0x00, 0x00, 0xE0, 0x00, 0x00, 0x00, 0x86, 0xE6, 0x9F, 0x86,
             - 0x86, 0x86, 0x86, 0xE6, 0x9F, 0x86, 0x00, 0x00, 0x01, 0x1F, 0x01, 0x01, 0x01, 0x01, 0x01, 0x1F, 0x01, 0x01, 0x00}, /*"#
             -",3*/
 318              {0x00, 0x00, 0x80, 0xC0, 0x60, 0x20, 0xF8, 0x20, 0xE0, 0xC0, 0x00, 0x00, 0x00, 0x00, 0x03, 0x07, 0x0C,
             - 0x18, 0xFF, 0x70, 0xE1, 0x81, 0x00, 0x00, 0x00, 0x00, 0x07, 0x0F, 0x10, 0x10, 0x7F, 0x10, 0x0F, 0x07, 0x00, 0x00}, /*"$
             -",4*/
 319              {0x80, 0x60, 0x20, 0x60, 0x80, 0x00, 0x00, 0x00, 0xE0, 0x20, 0x00, 0x00, 0x0F, 0x30, 0x20, 0x30, 0x9F,
             - 0x70, 0xDC, 0x37, 0x10, 0x30, 0xC0, 0x00, 0x00, 0x00, 0x10, 0x0E, 0x03, 0x00, 0x07, 0x18, 0x10, 0x18, 0x07, 0x00}, /*"%
             -",5*/
C51 COMPILER V9.60.7.0   FONT                                                              12/11/2023 21:20:52 PAGE 8   

 320              {0x00, 0x00, 0xC0, 0x20, 0x20, 0xE0, 0xC0, 0x00, 0x00, 0x00, 0x00, 0x00, 0x80, 0xE0, 0x1F, 0x38, 0xE8,
             - 0x87, 0x03, 0xC4, 0x3C, 0x04, 0x00, 0x00, 0x07, 0x0F, 0x18, 0x10, 0x10, 0x0B, 0x07, 0x0D, 0x10, 0x10, 0x08, 0x00}, /*"&
             -",6*/
 321              {0x00, 0x80, 0x8C, 0x4C, 0x38, 0x00, 0x00, 0x00, 0x00, 0x00, 0x00, 0x00, 0x00, 0x00, 0x00, 0x00, 0x00,
             - 0x00, 0x00, 0x00, 0x00, 0x00, 0x00, 0x00, 0x00, 0x00, 0x00, 0x00, 0x00, 0x00, 0x00, 0x00, 0x00, 0x00, 0x00, 0x00}, /*"'
             -",7*/
 322              {0x00, 0x00, 0x00, 0x00, 0x00, 0x00, 0x80, 0xE0, 0x30, 0x08, 0x04, 0x00, 0x00, 0x00, 0x00, 0x00, 0x00,
             - 0xFE, 0xFF, 0x01, 0x00, 0x00, 0x00, 0x00, 0x00, 0x00, 0x00, 0x00, 0x00, 0x00, 0x03, 0x0F, 0x18, 0x20, 0x40, 0x00}, /*"(
             -",8*/
 323              {0x00, 0x04, 0x08, 0x30, 0xE0, 0x80, 0x00, 0x00, 0x00, 0x00, 0x00, 0x00, 0x00, 0x00, 0x00, 0x00, 0x01,
             - 0xFF, 0xFE, 0x00, 0x00, 0x00, 0x00, 0x00, 0x00, 0x40, 0x20, 0x18, 0x0F, 0x03, 0x00, 0x00, 0x00, 0x00, 0x00, 0x00}, /*")
             -",9*/
 324              {0x00, 0x00, 0x00, 0x00, 0x00, 0x00, 0xC0, 0x00, 0x00, 0x00, 0x00, 0x00, 0x00, 0x42, 0x66, 0x66, 0x3C,
             - 0x18, 0xFF, 0x18, 0x3C, 0x66, 0x66, 0x42, 0x00, 0x00, 0x00, 0x00, 0x00, 0x00, 0x03, 0x00, 0x00, 0x00, 0x00, 0x00}, /*"*
             -",10*/
 325              {0x00, 0x00, 0x00, 0x00, 0x00, 0x00, 0x80, 0x00, 0x00, 0x00, 0x00, 0x00, 0x00, 0x10, 0x10, 0x10, 0x10,
             - 0x10, 0xFF, 0x10, 0x10, 0x10, 0x10, 0x10, 0x00, 0x00, 0x00, 0x00, 0x00, 0x00, 0x03, 0x00, 0x00, 0x00, 0x00, 0x00}, /*"+
             -",11*/
 326              {0x00, 0x00, 0x00, 0x00, 0x00, 0x00, 0x00, 0x00, 0x00, 0x00, 0x00, 0x00, 0x00, 0x00, 0x00, 0x00, 0x00,
             - 0x00, 0x00, 0x00, 0x00, 0x00, 0x00, 0x00, 0x00, 0x80, 0x8C, 0x4C, 0x38, 0x00, 0x00, 0x00, 0x00, 0x00, 0x00, 0x00}, /*",
             -",12*/
 327              {0x00, 0x00, 0x00, 0x00, 0x00, 0x00, 0x00, 0x00, 0x00, 0x00, 0x00, 0x00, 0x00, 0x10, 0x10, 0x10, 0x10,
             - 0x10, 0x10, 0x10, 0x10, 0x10, 0x10, 0x00, 0x00, 0x00, 0x00, 0x00, 0x00, 0x00, 0x00, 0x00, 0x00, 0x00, 0x00, 0x00}, /*"-
             -",13*/
 328              {0x00, 0x00, 0x00, 0x00, 0x00, 0x00, 0x00, 0x00, 0x00, 0x00, 0x00, 0x00, 0x00, 0x00, 0x00, 0x00, 0x00,
             - 0x00, 0x00, 0x00, 0x00, 0x00, 0x00, 0x00, 0x00, 0x00, 0x1C, 0x1C, 0x1C, 0x00, 0x00, 0x00, 0x00, 0x00, 0x00, 0x00}, /*".
             -",14*/
 329              {0x00, 0x00, 0x00, 0x00, 0x00, 0x00, 0x00, 0x00, 0xE0, 0x38, 0x0C, 0x00, 0x00, 0x00, 0x00, 0x00, 0x80,
             - 0x70, 0x1C, 0x03, 0x00, 0x00, 0x00, 0x00, 0x00, 0x60, 0x38, 0x0E, 0x01, 0x00, 0x00, 0x00, 0x00, 0x00, 0x00, 0x00}, /*"/
             -",15*/
 330              {0x00, 0x00, 0x80, 0xC0, 0x60, 0x20, 0x20, 0x60, 0xC0, 0x80, 0x00, 0x00, 0x00, 0xFE, 0xFF, 0x01, 0x00,
             - 0x00, 0x00, 0x00, 0x01, 0xFF, 0xFE, 0x00, 0x00, 0x01, 0x07, 0x0E, 0x18, 0x10, 0x10, 0x18, 0x0E, 0x07, 0x01, 0x00}, /*"0
             -",16*/
 331              {0x00, 0x00, 0x80, 0x80, 0x80, 0xC0, 0xE0, 0x00, 0x00, 0x00, 0x00, 0x00, 0x00, 0x00, 0x00, 0x00, 0x00,
             - 0xFF, 0xFF, 0x00, 0x00, 0x00, 0x00, 0x00, 0x00, 0x00, 0x10, 0x10, 0x10, 0x1F, 0x1F, 0x10, 0x10, 0x10, 0x00, 0x00}, /*"1
             -",17*/
 332              {0x00, 0x80, 0x40, 0x20, 0x20, 0x20, 0x20, 0x60, 0xC0, 0x80, 0x00, 0x00, 0x00, 0x03, 0x03, 0x00, 0x80,
             - 0x40, 0x20, 0x38, 0x1F, 0x07, 0x00, 0x00, 0x00, 0x1C, 0x1A, 0x19, 0x18, 0x18, 0x18, 0x18, 0x18, 0x1F, 0x00, 0x00}, /*"2
             -",18*/
 333              {0x00, 0x80, 0xC0, 0x20, 0x20, 0x20, 0x60, 0xC0, 0x80, 0x00, 0x00, 0x00, 0x00, 0x03, 0x03, 0x00, 0x10,
             - 0x10, 0x18, 0x2F, 0xE7, 0x80, 0x00, 0x00, 0x00, 0x07, 0x0F, 0x10, 0x10, 0x10, 0x10, 0x18, 0x0F, 0x07, 0x00, 0x00}, /*"3
             -",19*/
 334              {0x00, 0x00, 0x00, 0x00, 0x00, 0x00, 0xC0, 0xE0, 0xF0, 0x00, 0x00, 0x00, 0x00, 0xC0, 0xB0, 0x88, 0x86,
             - 0x81, 0x80, 0xFF, 0xFF, 0x80, 0x80, 0x00, 0x00, 0x00, 0x00, 0x00, 0x00, 0x10, 0x10, 0x1F, 0x1F, 0x10, 0x10, 0x00}, /*"4
             -",20*/
 335              {0x00, 0x00, 0xE0, 0x60, 0x60, 0x60, 0x60, 0x60, 0x60, 0x60, 0x00, 0x00, 0x00, 0x00, 0x3F, 0x10, 0x08,
             - 0x08, 0x08, 0x18, 0xF0, 0xE0, 0x00, 0x00, 0x00, 0x07, 0x0B, 0x10, 0x10, 0x10, 0x10, 0x1C, 0x0F, 0x03, 0x00, 0x00}, /*"5
             -",21*/
 336              {0x00, 0x00, 0x80, 0xC0, 0x40, 0x20, 0x20, 0x20, 0xE0, 0xC0, 0x00, 0x00, 0x00, 0xFC, 0xFF, 0x21, 0x10,
             - 0x08, 0x08, 0x08, 0x18, 0xF0, 0xE0, 0x00, 0x00, 0x01, 0x07, 0x0C, 0x18, 0x10, 0x10, 0x10, 0x08, 0x0F, 0x03, 0x00}, /*"6
             -",22*/
 337              {0x00, 0x00, 0xC0, 0xE0, 0x60, 0x60, 0x60, 0x60, 0x60, 0xE0, 0x60, 0x00, 0x00, 0x00, 0x03, 0x00, 0x00,
             - 0x00, 0xE0, 0x18, 0x07, 0x00, 0x00, 0x00, 0x00, 0x00, 0x00, 0x00, 0x00, 0x1F, 0x1F, 0x00, 0x00, 0x00, 0x00, 0x00}, /*"7
             -",23*/
 338              {0x00, 0x80, 0xC0, 0x60, 0x20, 0x20, 0x20, 0x20, 0x60, 0xC0, 0x80, 0x00, 0x00, 0x87, 0xEF, 0x2C, 0x18,
             - 0x18, 0x30, 0x30, 0x68, 0xCF, 0x83, 0x00, 0x00, 0x07, 0x0F, 0x08, 0x10, 0x10, 0x10, 0x10, 0x18, 0x0F, 0x07, 0x00}, /*"8
             -",24*/
 339              {0x00, 0x00, 0xC0, 0xC0, 0x20, 0x20, 0x20, 0x20, 0xC0, 0x80, 0x00, 0x00, 0x00, 0x1F, 0x3F, 0x60, 0x40,
             - 0x40, 0x40, 0x20, 0x10, 0xFF, 0xFE, 0x00, 0x00, 0x00, 0x0C, 0x1C, 0x10, 0x10, 0x10, 0x08, 0x0F, 0x03, 0x00, 0x00}, /*"9
             -",25*/
 340              {0x00, 0x00, 0x00, 0x00, 0x00, 0x00, 0x00, 0x00, 0x00, 0x00, 0x00, 0x00, 0x00, 0x00, 0x00, 0x00, 0x00,
             - 0x0E, 0x0E, 0x0E, 0x00, 0x00, 0x00, 0x00, 0x00, 0x00, 0x00, 0x00, 0x00, 0x1C, 0x1C, 0x1C, 0x00, 0x00, 0x00, 0x00}, /*":
C51 COMPILER V9.60.7.0   FONT                                                              12/11/2023 21:20:52 PAGE 9   

             -",26*/
 341              {0x00, 0x00, 0x00, 0x00, 0x00, 0x00, 0x00, 0x00, 0x00, 0x00, 0x00, 0x00, 0x00, 0x00, 0x00, 0x00, 0x00,
             - 0x0C, 0x0C, 0x00, 0x00, 0x00, 0x00, 0x00, 0x00, 0x00, 0x00, 0x00, 0x00, 0x58, 0x38, 0x00, 0x00, 0x00, 0x00, 0x00}, /*";
             -",27*/
 342              {0x00, 0x00, 0x00, 0x00, 0x00, 0x00, 0x00, 0x80, 0x40, 0x20, 0x10, 0x00, 0x00, 0x00, 0x10, 0x28, 0x44,
             - 0x82, 0x01, 0x00, 0x00, 0x00, 0x00, 0x00, 0x00, 0x00, 0x00, 0x00, 0x00, 0x00, 0x01, 0x02, 0x04, 0x08, 0x10, 0x00}, /*"<
             -",28*/
 343              {0x00, 0x00, 0x00, 0x00, 0x00, 0x00, 0x00, 0x00, 0x00, 0x00, 0x00, 0x00, 0x00, 0x84, 0x84, 0x84, 0x84,
             - 0x84, 0x84, 0x84, 0x84, 0x84, 0x84, 0x00, 0x00, 0x00, 0x00, 0x00, 0x00, 0x00, 0x00, 0x00, 0x00, 0x00, 0x00, 0x00}, /*"=
             -",29*/
 344              {0x00, 0x00, 0x10, 0x20, 0x40, 0x80, 0x00, 0x00, 0x00, 0x00, 0x00, 0x00, 0x00, 0x00, 0x00, 0x00, 0x00,
             - 0x00, 0x01, 0x82, 0x44, 0x28, 0x10, 0x00, 0x00, 0x00, 0x10, 0x08, 0x04, 0x02, 0x01, 0x00, 0x00, 0x00, 0x00, 0x00}, /*">
             -",30*/
 345              {0x00, 0xC0, 0x20, 0x20, 0x10, 0x10, 0x10, 0x10, 0x30, 0xE0, 0xC0, 0x00, 0x00, 0x03, 0x03, 0x00, 0x00,
             - 0xF0, 0x10, 0x08, 0x0C, 0x07, 0x03, 0x00, 0x00, 0x00, 0x00, 0x00, 0x1C, 0x1C, 0x1C, 0x00, 0x00, 0x00, 0x00, 0x00}, /*"?
             -",31*/
 346              {0x00, 0x00, 0x00, 0xC0, 0x40, 0x60, 0x20, 0x20, 0x20, 0x40, 0xC0, 0x00, 0x00, 0xFC, 0xFF, 0x01, 0xF0,
             - 0x0E, 0x03, 0xC1, 0xFE, 0x03, 0x80, 0x7F, 0x00, 0x01, 0x07, 0x0E, 0x08, 0x11, 0x11, 0x10, 0x11, 0x09, 0x04, 0x02}, /*"@
             -",32*/
 347              {0x00, 0x00, 0x00, 0x00, 0x80, 0xE0, 0xE0, 0x00, 0x00, 0x00, 0x00, 0x00, 0x00, 0x00, 0x80, 0x7C, 0x43,
             - 0x40, 0x47, 0x7F, 0xF8, 0x80, 0x00, 0x00, 0x10, 0x18, 0x1F, 0x10, 0x00, 0x00, 0x00, 0x00, 0x13, 0x1F, 0x1C, 0x10}, /*"A
             -",33*/
 348              {0x20, 0xE0, 0xE0, 0x20, 0x20, 0x20, 0x20, 0x60, 0xC0, 0x80, 0x00, 0x00, 0x00, 0xFF, 0xFF, 0x10, 0x10,
             - 0x10, 0x10, 0x18, 0x2F, 0xE7, 0x80, 0x00, 0x10, 0x1F, 0x1F, 0x10, 0x10, 0x10, 0x10, 0x10, 0x18, 0x0F, 0x07, 0x00}, /*"B
             -",34*/
 349              {0x00, 0x00, 0x80, 0xC0, 0x40, 0x20, 0x20, 0x20, 0x20, 0x60, 0xE0, 0x00, 0x00, 0xFC, 0xFF, 0x01, 0x00,
             - 0x00, 0x00, 0x00, 0x00, 0x00, 0x01, 0x00, 0x00, 0x01, 0x07, 0x0E, 0x18, 0x10, 0x10, 0x10, 0x08, 0x04, 0x03, 0x00}, /*"C
             -",35*/
 350              {0x20, 0xE0, 0xE0, 0x20, 0x20, 0x20, 0x20, 0x40, 0xC0, 0x80, 0x00, 0x00, 0x00, 0xFF, 0xFF, 0x00, 0x00,
             - 0x00, 0x00, 0x00, 0x01, 0xFF, 0xFE, 0x00, 0x10, 0x1F, 0x1F, 0x10, 0x10, 0x10, 0x18, 0x08, 0x0E, 0x07, 0x01, 0x00}, /*"D
             -",36*/
 351              {0x20, 0xE0, 0xE0, 0x20, 0x20, 0x20, 0x20, 0x20, 0x20, 0x60, 0x80, 0x00, 0x00, 0xFF, 0xFF, 0x10, 0x10,
             - 0x10, 0x10, 0x7C, 0x00, 0x00, 0x00, 0x00, 0x10, 0x1F, 0x1F, 0x10, 0x10, 0x10, 0x10, 0x10, 0x10, 0x18, 0x06, 0x00}, /*"E
             -",37*/
 352              {0x20, 0xE0, 0xE0, 0x20, 0x20, 0x20, 0x20, 0x20, 0x60, 0x60, 0x80, 0x00, 0x00, 0xFF, 0xFF, 0x10, 0x10,
             - 0x10, 0x10, 0x7C, 0x00, 0x00, 0x01, 0x00, 0x10, 0x1F, 0x1F, 0x10, 0x00, 0x00, 0x00, 0x00, 0x00, 0x00, 0x00, 0x00}, /*"F
             -",38*/
 353              {0x00, 0x00, 0x80, 0xC0, 0x60, 0x20, 0x20, 0x20, 0x40, 0xE0, 0x00, 0x00, 0x00, 0xFC, 0xFF, 0x01, 0x00,
             - 0x00, 0x40, 0x40, 0xC0, 0xC1, 0x40, 0x40, 0x00, 0x01, 0x07, 0x0E, 0x18, 0x10, 0x10, 0x10, 0x0F, 0x0F, 0x00, 0x00}, /*"G
             -",39*/
 354              {0x20, 0xE0, 0xE0, 0x20, 0x00, 0x00, 0x00, 0x00, 0x20, 0xE0, 0xE0, 0x20, 0x00, 0xFF, 0xFF, 0x10, 0x10,
             - 0x10, 0x10, 0x10, 0x10, 0xFF, 0xFF, 0x00, 0x10, 0x1F, 0x1F, 0x10, 0x00, 0x00, 0x00, 0x00, 0x10, 0x1F, 0x1F, 0x10}, /*"H
             -",40*/
 355              {0x00, 0x00, 0x20, 0x20, 0x20, 0xE0, 0xE0, 0x20, 0x20, 0x20, 0x00, 0x00, 0x00, 0x00, 0x00, 0x00, 0x00,
             - 0xFF, 0xFF, 0x00, 0x00, 0x00, 0x00, 0x00, 0x00, 0x00, 0x10, 0x10, 0x10, 0x1F, 0x1F, 0x10, 0x10, 0x10, 0x00, 0x00}, /*"I
             -",41*/
 356              {0x00, 0x00, 0x00, 0x00, 0x20, 0x20, 0x20, 0xE0, 0xE0, 0x20, 0x20, 0x20, 0x00, 0x00, 0x00, 0x00, 0x00,
             - 0x00, 0x00, 0xFF, 0xFF, 0x00, 0x00, 0x00, 0x00, 0x60, 0xE0, 0x80, 0x80, 0x80, 0xC0, 0x7F, 0x3F, 0x00, 0x00, 0x00}, /*"J
             -",42*/
 357              {0x20, 0xE0, 0xE0, 0x20, 0x00, 0x00, 0x20, 0xA0, 0x60, 0x20, 0x20, 0x00, 0x00, 0xFF, 0xFF, 0x30, 0x18,
             - 0x7C, 0xE3, 0xC0, 0x00, 0x00, 0x00, 0x00, 0x10, 0x1F, 0x1F, 0x10, 0x00, 0x00, 0x01, 0x13, 0x1F, 0x1C, 0x18, 0x10}, /*"K
             -",43*/
 358              {0x20, 0xE0, 0xE0, 0x20, 0x00, 0x00, 0x00, 0x00, 0x00, 0x00, 0x00, 0x00, 0x00, 0xFF, 0xFF, 0x00, 0x00,
             - 0x00, 0x00, 0x00, 0x00, 0x00, 0x00, 0x00, 0x10, 0x1F, 0x1F, 0x10, 0x10, 0x10, 0x10, 0x10, 0x10, 0x18, 0x06, 0x00}, /*"L
             -",44*/
 359              {0x20, 0xE0, 0xE0, 0xE0, 0x00, 0x00, 0x00, 0x00, 0xE0, 0xE0, 0xE0, 0x20, 0x00, 0xFF, 0x01, 0x3F, 0xFE,
             - 0xC0, 0xE0, 0x1E, 0x01, 0xFF, 0xFF, 0x00, 0x10, 0x1F, 0x10, 0x00, 0x03, 0x1F, 0x03, 0x00, 0x10, 0x1F, 0x1F, 0x10}, /*"M
             -",45*/
 360              {0x20, 0xE0, 0xE0, 0xC0, 0x00, 0x00, 0x00, 0x00, 0x00, 0x20, 0xE0, 0x20, 0x00, 0xFF, 0x00, 0x03, 0x07,
             - 0x1C, 0x78, 0xE0, 0x80, 0x00, 0xFF, 0x00, 0x10, 0x1F, 0x10, 0x00, 0x00, 0x00, 0x00, 0x00, 0x03, 0x0F, 0x1F, 0x00}, /*"N
             -",46*/
 361              {0x00, 0x00, 0x80, 0xC0, 0x60, 0x20, 0x20, 0x60, 0xC0, 0x80, 0x00, 0x00, 0x00, 0xFE, 0xFF, 0x01, 0x00,
C51 COMPILER V9.60.7.0   FONT                                                              12/11/2023 21:20:52 PAGE 10  

             - 0x00, 0x00, 0x00, 0x00, 0xFF, 0xFE, 0x00, 0x00, 0x01, 0x07, 0x0E, 0x18, 0x10, 0x10, 0x18, 0x0C, 0x07, 0x01, 0x00}, /*"O
             -",47*/
 362              {0x20, 0xE0, 0xE0, 0x20, 0x20, 0x20, 0x20, 0x20, 0x60, 0xC0, 0x80, 0x00, 0x00, 0xFF, 0xFF, 0x20, 0x20,
             - 0x20, 0x20, 0x20, 0x30, 0x1F, 0x0F, 0x00, 0x10, 0x1F, 0x1F, 0x10, 0x00, 0x00, 0x00, 0x00, 0x00, 0x00, 0x00, 0x00}, /*"P
             -",48*/
 363              {0x00, 0x00, 0x80, 0xC0, 0x60, 0x20, 0x20, 0x60, 0xC0, 0x80, 0x00, 0x00, 0x00, 0xFE, 0xFF, 0x01, 0x00,
             - 0x00, 0x00, 0x00, 0x00, 0xFF, 0xFE, 0x00, 0x00, 0x01, 0x07, 0x0E, 0x11, 0x11, 0x13, 0x3C, 0x7C, 0x67, 0x21, 0x00}, /*"Q
             -",49*/
 364              {0x20, 0xE0, 0xE0, 0x20, 0x20, 0x20, 0x20, 0x20, 0x60, 0xC0, 0x80, 0x00, 0x00, 0xFF, 0xFF, 0x10, 0x10,
             - 0x30, 0xF0, 0xD0, 0x08, 0x0F, 0x07, 0x00, 0x10, 0x1F, 0x1F, 0x10, 0x00, 0x00, 0x00, 0x03, 0x0F, 0x1C, 0x10, 0x10}, /*"R
             -",50*/
 365              {0x00, 0x80, 0xC0, 0x60, 0x20, 0x20, 0x20, 0x20, 0x40, 0x40, 0xE0, 0x00, 0x00, 0x07, 0x0F, 0x0C, 0x18,
             - 0x18, 0x30, 0x30, 0x60, 0xE0, 0x81, 0x00, 0x00, 0x1F, 0x0C, 0x08, 0x10, 0x10, 0x10, 0x10, 0x18, 0x0F, 0x07, 0x00}, /*"S
             -",51*/
 366              {0x80, 0x60, 0x20, 0x20, 0x20, 0xE0, 0xE0, 0x20, 0x20, 0x20, 0x60, 0x80, 0x01, 0x00, 0x00, 0x00, 0x00,
             - 0xFF, 0xFF, 0x00, 0x00, 0x00, 0x00, 0x01, 0x00, 0x00, 0x00, 0x00, 0x10, 0x1F, 0x1F, 0x10, 0x00, 0x00, 0x00, 0x00}, /*"T
             -",52*/
 367              {0x20, 0xE0, 0xE0, 0x20, 0x00, 0x00, 0x00, 0x00, 0x00, 0x20, 0xE0, 0x20, 0x00, 0xFF, 0xFF, 0x00, 0x00,
             - 0x00, 0x00, 0x00, 0x00, 0x00, 0xFF, 0x00, 0x00, 0x07, 0x0F, 0x18, 0x10, 0x10, 0x10, 0x10, 0x10, 0x08, 0x07, 0x00}, /*"U
             -",53*/
 368              {0x20, 0x60, 0xE0, 0xE0, 0x20, 0x00, 0x00, 0x00, 0x20, 0xE0, 0x60, 0x20, 0x00, 0x00, 0x07, 0x7F, 0xF8,
             - 0x80, 0x00, 0x80, 0x7C, 0x03, 0x00, 0x00, 0x00, 0x00, 0x00, 0x00, 0x07, 0x1F, 0x1C, 0x07, 0x00, 0x00, 0x00, 0x00}, /*"V
             -",54*/
 369              {0x20, 0xE0, 0xE0, 0x20, 0x00, 0xE0, 0xE0, 0x20, 0x00, 0x20, 0xE0, 0x20, 0x00, 0x07, 0xFF, 0xF8, 0xE0,
             - 0x1F, 0xFF, 0xFC, 0xE0, 0x1F, 0x00, 0x00, 0x00, 0x00, 0x03, 0x1F, 0x03, 0x00, 0x01, 0x1F, 0x03, 0x00, 0x00, 0x00}, /*"W
             -",55*/
 370              {0x00, 0x20, 0x60, 0xE0, 0xA0, 0x00, 0x00, 0x20, 0xE0, 0x60, 0x20, 0x00, 0x00, 0x00, 0x00, 0x03, 0x8F,
             - 0x7C, 0xF8, 0xC6, 0x01, 0x00, 0x00, 0x00, 0x00, 0x10, 0x18, 0x1E, 0x13, 0x00, 0x01, 0x17, 0x1F, 0x18, 0x10, 0x00}, /*"X
             -",56*/
 371              {0x20, 0x60, 0xE0, 0xE0, 0x20, 0x00, 0x00, 0x00, 0x20, 0xE0, 0x60, 0x20, 0x00, 0x00, 0x01, 0x07, 0x3E,
             - 0xF8, 0xE0, 0x18, 0x07, 0x00, 0x00, 0x00, 0x00, 0x00, 0x00, 0x10, 0x10, 0x1F, 0x1F, 0x10, 0x10, 0x00, 0x00, 0x00}, /*"Y
             -",57*/
 372              {0x00, 0x80, 0x60, 0x20, 0x20, 0x20, 0x20, 0xA0, 0xE0, 0xE0, 0x20, 0x00, 0x00, 0x00, 0x00, 0x00, 0xC0,
             - 0xF0, 0x3E, 0x0F, 0x03, 0x00, 0x00, 0x00, 0x00, 0x10, 0x1C, 0x1F, 0x17, 0x10, 0x10, 0x10, 0x10, 0x18, 0x06, 0x00}, /*"Z
             -",58*/
 373              {0x00, 0x00, 0x00, 0x00, 0x00, 0xFC, 0x04, 0x04, 0x04, 0x04, 0x04, 0x00, 0x00, 0x00, 0x00, 0x00, 0x00,
             - 0xFF, 0x00, 0x00, 0x00, 0x00, 0x00, 0x00, 0x00, 0x00, 0x00, 0x00, 0x00, 0x7F, 0x40, 0x40, 0x40, 0x40, 0x40, 0x00}, /*"[
             -",59*/
 374              {0x00, 0x00, 0x10, 0xE0, 0x00, 0x00, 0x00, 0x00, 0x00, 0x00, 0x00, 0x00, 0x00, 0x00, 0x00, 0x00, 0x03,
             - 0x1C, 0x60, 0x80, 0x00, 0x00, 0x00, 0x00, 0x00, 0x00, 0x00, 0x00, 0x00, 0x00, 0x00, 0x03, 0x0C, 0x70, 0x80, 0x00}, /*"\
             -",60*/
 375              {0x00, 0x00, 0x04, 0x04, 0x04, 0x04, 0x04, 0xFC, 0x00, 0x00, 0x00, 0x00, 0x00, 0x00, 0x00, 0x00, 0x00,
             - 0x00, 0x00, 0xFF, 0x00, 0x00, 0x00, 0x00, 0x00, 0x00, 0x40, 0x40, 0x40, 0x40, 0x40, 0x7F, 0x00, 0x00, 0x00, 0x00}, /*"]
             -",61*/
 376              {0x00, 0x00, 0x00, 0x10, 0x08, 0x0C, 0x04, 0x0C, 0x08, 0x10, 0x00, 0x00, 0x00, 0x00, 0x00, 0x00, 0x00,
             - 0x00, 0x00, 0x00, 0x00, 0x00, 0x00, 0x00, 0x00, 0x00, 0x00, 0x00, 0x00, 0x00, 0x00, 0x00, 0x00, 0x00, 0x00, 0x00}, /*"^
             -",62*/
 377              {0x00, 0x00, 0x00, 0x00, 0x00, 0x00, 0x00, 0x00, 0x00, 0x00, 0x00, 0x00, 0x00, 0x00, 0x00, 0x00, 0x00,
             - 0x00, 0x00, 0x00, 0x00, 0x00, 0x00, 0x00, 0x80, 0x80, 0x80, 0x80, 0x80, 0x80, 0x80, 0x80, 0x80, 0x80, 0x80, 0x80}, /*"_
             -",63*/
 378              {0x00, 0x00, 0x00, 0x04, 0x04, 0x08, 0x08, 0x00, 0x00, 0x00, 0x00, 0x00, 0x00, 0x00, 0x00, 0x00, 0x00,
             - 0x00, 0x00, 0x00, 0x00, 0x00, 0x00, 0x00, 0x00, 0x00, 0x00, 0x00, 0x00, 0x00, 0x00, 0x00, 0x00, 0x00, 0x00, 0x00}, /*"`
             -",64*/
 379              {0x00, 0x00, 0x00, 0x00, 0x00, 0x00, 0x00, 0x00, 0x00, 0x00, 0x00, 0x00, 0x00, 0x00, 0x98, 0xD8, 0x44,
             - 0x64, 0x24, 0x24, 0xFC, 0xF8, 0x00, 0x00, 0x00, 0x0F, 0x1F, 0x18, 0x10, 0x10, 0x10, 0x08, 0x1F, 0x1F, 0x10, 0x18}, /*"a
             -",65*/
 380              {0x00, 0x20, 0xE0, 0xF0, 0x00, 0x00, 0x00, 0x00, 0x00, 0x00, 0x00, 0x00, 0x00, 0x00, 0xFF, 0xFF, 0x18,
             - 0x08, 0x04, 0x04, 0x0C, 0xF8, 0xF0, 0x00, 0x00, 0x00, 0x1F, 0x0F, 0x18, 0x10, 0x10, 0x10, 0x18, 0x0F, 0x03, 0x00}, /*"b
             -",66*/
 381              {0x00, 0x00, 0x00, 0x00, 0x00, 0x00, 0x00, 0x00, 0x00, 0x00, 0x00, 0x00, 0x00, 0xE0, 0xF8, 0x18, 0x04,
             - 0x04, 0x04, 0x3C, 0x38, 0x00, 0x00, 0x00, 0x00, 0x03, 0x0F, 0x0C, 0x10, 0x10, 0x10, 0x10, 0x08, 0x06, 0x00, 0x00}, /*"c
             -",67*/
C51 COMPILER V9.60.7.0   FONT                                                              12/11/2023 21:20:52 PAGE 11  

 382              {0x00, 0x00, 0x00, 0x00, 0x00, 0x00, 0x00, 0x20, 0xE0, 0xF0, 0x00, 0x00, 0x00, 0xE0, 0xF8, 0x1C, 0x04,
             - 0x04, 0x04, 0x08, 0xFF, 0xFF, 0x00, 0x00, 0x00, 0x03, 0x0F, 0x18, 0x10, 0x10, 0x10, 0x08, 0x1F, 0x0F, 0x08, 0x00}, /*"d
             -",68*/
 383              {0x00, 0x00, 0x00, 0x00, 0x00, 0x00, 0x00, 0x00, 0x00, 0x00, 0x00, 0x00, 0x00, 0x00, 0xE0, 0xF8, 0x48,
             - 0x44, 0x44, 0x44, 0x4C, 0x78, 0x70, 0x00, 0x00, 0x00, 0x03, 0x0F, 0x0C, 0x18, 0x10, 0x10, 0x10, 0x08, 0x04, 0x00}, /*"e
             -",69*/
 384              {0x00, 0x00, 0x00, 0x00, 0x80, 0xC0, 0x60, 0x20, 0x20, 0xE0, 0xC0, 0x00, 0x00, 0x04, 0x04, 0x04, 0xFF,
             - 0xFF, 0x04, 0x04, 0x04, 0x04, 0x00, 0x00, 0x00, 0x00, 0x10, 0x10, 0x1F, 0x1F, 0x10, 0x10, 0x10, 0x00, 0x00, 0x00}, /*"f
             -",70*/
 385              {0x00, 0x00, 0x00, 0x00, 0x00, 0x00, 0x00, 0x00, 0x00, 0x00, 0x00, 0x00, 0x00, 0x00, 0x70, 0xF8, 0x8C,
             - 0x04, 0x04, 0x8C, 0xF8, 0x74, 0x04, 0x0C, 0x00, 0x70, 0x76, 0xCF, 0x8D, 0x8D, 0x8D, 0x89, 0xC8, 0x78, 0x70, 0x00}, /*"g
             -",71*/
 386              {0x00, 0x20, 0xE0, 0xF0, 0x00, 0x00, 0x00, 0x00, 0x00, 0x00, 0x00, 0x00, 0x00, 0x00, 0xFF, 0xFF, 0x08,
             - 0x04, 0x04, 0x04, 0xFC, 0xF8, 0x00, 0x00, 0x00, 0x10, 0x1F, 0x1F, 0x10, 0x00, 0x00, 0x10, 0x1F, 0x1F, 0x10, 0x00}, /*"h
             -",72*/
 387              {0x00, 0x00, 0x00, 0x00, 0x00, 0x60, 0x60, 0x00, 0x00, 0x00, 0x00, 0x00, 0x00, 0x00, 0x04, 0x04, 0x04,
             - 0xFC, 0xFC, 0x00, 0x00, 0x00, 0x00, 0x00, 0x00, 0x00, 0x10, 0x10, 0x10, 0x1F, 0x1F, 0x10, 0x10, 0x10, 0x00, 0x00}, /*"i
             -",73*/
 388              {0x00, 0x00, 0x00, 0x00, 0x00, 0x00, 0x00, 0x60, 0x60, 0x00, 0x00, 0x00, 0x00, 0x00, 0x00, 0x00, 0x04,
             - 0x04, 0x04, 0xFC, 0xFC, 0x00, 0x00, 0x00, 0x00, 0x00, 0xC0, 0xC0, 0x80, 0x80, 0xC0, 0x7F, 0x3F, 0x00, 0x00, 0x00}, /*"j
             -",74*/
 389              {0x00, 0x20, 0xE0, 0xF0, 0x00, 0x00, 0x00, 0x00, 0x00, 0x00, 0x00, 0x00, 0x00, 0x00, 0xFF, 0xFF, 0x80,
             - 0xC0, 0xF4, 0x1C, 0x04, 0x04, 0x00, 0x00, 0x00, 0x10, 0x1F, 0x1F, 0x11, 0x00, 0x03, 0x1F, 0x1C, 0x10, 0x10, 0x00}, /*"k
             -",75*/
 390              {0x00, 0x00, 0x20, 0x20, 0x20, 0xE0, 0xF0, 0x00, 0x00, 0x00, 0x00, 0x00, 0x00, 0x00, 0x00, 0x00, 0x00,
             - 0xFF, 0xFF, 0x00, 0x00, 0x00, 0x00, 0x00, 0x00, 0x00, 0x10, 0x10, 0x10, 0x1F, 0x1F, 0x10, 0x10, 0x10, 0x00, 0x00}, /*"l
             -",76*/
 391              {0x00, 0x00, 0x00, 0x00, 0x00, 0x00, 0x00, 0x00, 0x00, 0x00, 0x00, 0x00, 0x04, 0xFC, 0xFC, 0x08, 0x04,
             - 0xFC, 0xFC, 0x08, 0x04, 0xFC, 0xFC, 0x00, 0x10, 0x1F, 0x1F, 0x10, 0x00, 0x1F, 0x1F, 0x10, 0x00, 0x1F, 0x1F, 0x10}, /*"m
             -",77*/
 392              {0x00, 0x00, 0x00, 0x00, 0x00, 0x00, 0x00, 0x00, 0x00, 0x00, 0x00, 0x00, 0x00, 0x04, 0xFC, 0xFC, 0x08,
             - 0x08, 0x04, 0x04, 0xFC, 0xF8, 0x00, 0x00, 0x00, 0x10, 0x1F, 0x1F, 0x10, 0x00, 0x00, 0x10, 0x1F, 0x1F, 0x10, 0x00}, /*"n
             -",78*/
 393              {0x00, 0x00, 0x00, 0x00, 0x00, 0x00, 0x00, 0x00, 0x00, 0x00, 0x00, 0x00, 0x00, 0xE0, 0xF0, 0x18, 0x0C,
             - 0x04, 0x04, 0x0C, 0x18, 0xF0, 0xE0, 0x00, 0x00, 0x03, 0x0F, 0x0C, 0x10, 0x10, 0x10, 0x10, 0x0C, 0x0F, 0x03, 0x00}, /*"o
             -",79*/
 394              {0x00, 0x00, 0x00, 0x00, 0x00, 0x00, 0x00, 0x00, 0x00, 0x00, 0x00, 0x00, 0x00, 0x04, 0xFC, 0xFC, 0x08,
             - 0x04, 0x04, 0x04, 0x0C, 0xF8, 0xF0, 0x00, 0x00, 0x80, 0xFF, 0xFF, 0x88, 0x90, 0x10, 0x10, 0x1C, 0x0F, 0x03, 0x00}, /*"p
             -",80*/
 395              {0x00, 0x00, 0x00, 0x00, 0x00, 0x00, 0x00, 0x00, 0x00, 0x00, 0x00, 0x00, 0x00, 0xE0, 0xF8, 0x1C, 0x04,
             - 0x04, 0x04, 0x08, 0xF8, 0xFC, 0x00, 0x00, 0x00, 0x03, 0x0F, 0x18, 0x10, 0x10, 0x90, 0x88, 0xFF, 0xFF, 0x80, 0x00}, /*"q
             -",81*/
 396              {0x00, 0x00, 0x00, 0x00, 0x00, 0x00, 0x00, 0x00, 0x00, 0x00, 0x00, 0x00, 0x04, 0x04, 0x04, 0xFC, 0xFC,
             - 0x10, 0x08, 0x04, 0x04, 0x0C, 0x0C, 0x00, 0x10, 0x10, 0x10, 0x1F, 0x1F, 0x10, 0x10, 0x10, 0x00, 0x00, 0x00, 0x00}, /*"r
             -",82*/
 397              {0x00, 0x00, 0x00, 0x00, 0x00, 0x00, 0x00, 0x00, 0x00, 0x00, 0x00, 0x00, 0x00, 0x00, 0x30, 0x78, 0xCC,
             - 0xC4, 0x84, 0x84, 0x84, 0x0C, 0x1C, 0x00, 0x00, 0x00, 0x1E, 0x18, 0x10, 0x10, 0x10, 0x11, 0x19, 0x0F, 0x06, 0x00}, /*"s
             -",83*/
 398              {0x00, 0x00, 0x00, 0x00, 0x00, 0xC0, 0x00, 0x00, 0x00, 0x00, 0x00, 0x00, 0x00, 0x04, 0x04, 0x04, 0xFF,
             - 0xFF, 0x04, 0x04, 0x04, 0x00, 0x00, 0x00, 0x00, 0x00, 0x00, 0x00, 0x0F, 0x1F, 0x10, 0x10, 0x10, 0x0C, 0x00, 0x00}, /*"t
             -",84*/
 399              {0x00, 0x00, 0x00, 0x00, 0x00, 0x00, 0x00, 0x00, 0x00, 0x00, 0x00, 0x00, 0x00, 0x04, 0xFC, 0xFE, 0x00,
             - 0x00, 0x00, 0x04, 0xFC, 0xFE, 0x00, 0x00, 0x00, 0x00, 0x0F, 0x1F, 0x18, 0x10, 0x10, 0x08, 0x1F, 0x0F, 0x08, 0x00}, /*"u
             -",85*/
 400              {0x00, 0x00, 0x00, 0x00, 0x00, 0x00, 0x00, 0x00, 0x00, 0x00, 0x00, 0x00, 0x00, 0x04, 0x0C, 0x3C, 0xFC,
             - 0xC4, 0x00, 0x00, 0xC4, 0x3C, 0x0C, 0x04, 0x00, 0x00, 0x00, 0x00, 0x01, 0x0F, 0x1E, 0x0E, 0x01, 0x00, 0x00, 0x00}, /*"v
             -",86*/
 401              {0x00, 0x00, 0x00, 0x00, 0x00, 0x00, 0x00, 0x00, 0x00, 0x00, 0x00, 0x00, 0x04, 0x3C, 0xFC, 0xC4, 0x00,
             - 0xE4, 0x7C, 0xFC, 0x84, 0x80, 0x7C, 0x04, 0x00, 0x00, 0x07, 0x1F, 0x07, 0x00, 0x00, 0x07, 0x1F, 0x07, 0x00, 0x00}, /*"w
             -",87*/
 402              {0x00, 0x00, 0x00, 0x00, 0x00, 0x00, 0x00, 0x00, 0x00, 0x00, 0x00, 0x00, 0x00, 0x04, 0x04, 0x1C, 0x7C,
             - 0xE4, 0xC0, 0x34, 0x1C, 0x04, 0x04, 0x00, 0x00, 0x10, 0x10, 0x1C, 0x16, 0x01, 0x13, 0x1F, 0x1C, 0x18, 0x10, 0x00}, /*"x
C51 COMPILER V9.60.7.0   FONT                                                              12/11/2023 21:20:52 PAGE 12  

             -",88*/
 403              {0x00, 0x00, 0x00, 0x00, 0x00, 0x00, 0x00, 0x00, 0x00, 0x00, 0x00, 0x00, 0x00, 0x04, 0x0C, 0x3C, 0xFC,
             - 0xC4, 0x00, 0xC4, 0x3C, 0x04, 0x04, 0x00, 0x00, 0x00, 0xC0, 0x80, 0xC1, 0x37, 0x0E, 0x01, 0x00, 0x00, 0x00, 0x00}, /*"y
             -",89*/
 404              {0x00, 0x00, 0x00, 0x00, 0x00, 0x00, 0x00, 0x00, 0x00, 0x00, 0x00, 0x00, 0x00, 0x00, 0x1C, 0x04, 0x04,
             - 0xC4, 0xF4, 0x7C, 0x1C, 0x04, 0x00, 0x00, 0x00, 0x00, 0x10, 0x1C, 0x1F, 0x17, 0x11, 0x10, 0x10, 0x18, 0x0E, 0x00}, /*"z
             -",90*/
 405              {0x00, 0x00, 0x00, 0x00, 0x00, 0x00, 0x00, 0xF8, 0x0C, 0x04, 0x00, 0x00, 0x00, 0x00, 0x00, 0x00, 0x00,
             - 0x10, 0x28, 0xEF, 0x00, 0x00, 0x00, 0x00, 0x00, 0x00, 0x00, 0x00, 0x00, 0x00, 0x00, 0x3F, 0x60, 0x40, 0x00, 0x00}, /*"{
             -",91*/
 406              {0x00, 0x00, 0x00, 0x00, 0x00, 0x00, 0xFF, 0x00, 0x00, 0x00, 0x00, 0x00, 0x00, 0x00, 0x00, 0x00, 0x00,
             - 0x00, 0xFF, 0x00, 0x00, 0x00, 0x00, 0x00, 0x00, 0x00, 0x00, 0x00, 0x00, 0x00, 0xFF, 0x00, 0x00, 0x00, 0x00, 0x00}, /*"|
             -",92*/
 407              {0x00, 0x00, 0x04, 0x0C, 0xF8, 0x00, 0x00, 0x00, 0x00, 0x00, 0x00, 0x00, 0x00, 0x00, 0x00, 0x00, 0xEF,
             - 0x28, 0x10, 0x00, 0x00, 0x00, 0x00, 0x00, 0x00, 0x00, 0x40, 0x60, 0x3F, 0x00, 0x00, 0x00, 0x00, 0x00, 0x00, 0x00}, /*"}
             -",93*/
 408              {0x00, 0x18, 0x06, 0x02, 0x02, 0x04, 0x08, 0x10, 0x20, 0x20, 0x30, 0x08, 0x00, 0x00, 0x00, 0x00, 0x00,
             - 0x00, 0x00, 0x00, 0x00, 0x00, 0x00, 0x00, 0x00, 0x00, 0x00, 0x00, 0x00, 0x00, 0x00, 0x00, 0x00, 0x00, 0x00, 0x00},
 409              /*"~",94*/                                                                                            
             -                                                                                                                    /*"~
             -",94*/
 410          };
 411          
 412          const uint8_t code zh16x16[][36] = {
 413          /* 0 波 */ {0xe6,0xb3,0xa2,0x00,0x10,0x60,0x02,0x0c,0xc0,0x00,0xf8,0x88,0x88,0x88,0xff,0x88,0x88,0xa8,0x1
             -8,0x00,0x04,0x04,0x7c,0x03,0x80,0x60,0x1f,0x80,0x43,0x2c,0x10,0x28,0x46,0x81,0x80,0x00,},
 414          /* 1 特 */ {0xe7,0x89,0xb9,0x00,0x40,0x3c,0x10,0xff,0x10,0x10,0x40,0x48,0x48,0x48,0x7f,0x48,0xc8,0x48,0x4
             -0,0x00,0x02,0x06,0x02,0xff,0x01,0x01,0x00,0x02,0x0a,0x12,0x42,0x82,0x7f,0x02,0x02,0x00,},
 415          /* 2 律 */ {0xe5,0xbe,0x8b,0x00,0x00,0x10,0x88,0xc4,0x33,0x10,0x54,0x54,0x54,0xff,0x54,0x54,0x7c,0x10,0x1
             -0,0x00,0x02,0x01,0x00,0xff,0x00,0x10,0x12,0x12,0x12,0xff,0x12,0x12,0x12,0x10,0x00,0x00,},
 416          /* 3 动 */ {0xe5,0x8a,0xa8,0x00,0x40,0x44,0xc4,0x44,0x44,0x44,0x40,0x10,0x10,0xff,0x10,0x10,0x10,0xf0,0x0
             -0,0x00,0x10,0x3c,0x13,0x10,0x14,0xb8,0x40,0x30,0x0e,0x01,0x40,0x80,0x40,0x3f,0x00,0x00,}
 417          };
 418          
 419          const uint8_t code bilibiliData[] = {
 420          0x00, 0x00, 0x00, 0x00, 0x80, 0x80, 0x80, 0x80, 0x80, 0x80, 0x80, 0x80, 0x86, 0x8f, 0x9f, 0xbf, 0xff, 0xfc
             -, 0xf8, 0xf8, 0xe0, 0xe0, 0xc0, 0x80,
 421          0x80, 0x80, 0x80, 0x80, 0xc0, 0xe0, 0xe0, 0xf8, 0xf8, 0xfc, 0xfe, 0xbf, 0x9f, 0x8f, 0x86, 0x80, 0x80, 0x80
             -, 0x80, 0x80, 0x80, 0x80, 0x00, 0x00,
 422          0x00, 0x00, 0x00, 0xf8, 0xfe, 0xff, 0xff, 0xff, 0xff, 0x1f, 0x1f, 0x1f, 0x1f, 0x1f, 0x1f, 0x1f, 0x1f, 0x1f
             -, 0x1f, 0x1f, 0x1f, 0x1f, 0x1f, 0x1f,
 423          0x1f, 0x1f, 0x1f, 0x1f, 0x1f, 0x1f, 0x1f, 0x1f, 0x1f, 0x1f, 0x1f, 0x1f, 0x1f, 0x1f, 0x1f, 0x1f, 0x1f, 0x1f
             -, 0x1f, 0x1f, 0x1f, 0x1f, 0x1f, 0x1f,
 424          0xff, 0xff, 0xff, 0xfe, 0xfc, 0xf8, 0xff, 0xff, 0xff, 0xff, 0xff, 0xff, 0x00, 0x00, 0x00, 0xe0, 0xe0, 0xf0
             -, 0xf0, 0xf0, 0xf0, 0xf8, 0xf8, 0xf8,
 425          0xf8, 0xf8, 0xf8, 0x00, 0x00, 0x00, 0x00, 0x00, 0x00, 0x00, 0x00, 0x00, 0x00, 0xf8, 0xf8, 0xf8, 0xf8, 0xf8
             -, 0xf8, 0xf0, 0xf0, 0xf0, 0xf0, 0xe0,
 426          0x20, 0x00, 0x00, 0xff, 0xff, 0xff, 0xff, 0xff, 0xff, 0xff, 0xff, 0xff, 0xff, 0xff, 0xff, 0x00, 0x00, 0x00
             -, 0x00, 0x03, 0x01, 0x01, 0x01, 0x01,
 427          0x00, 0x00, 0x00, 0x00, 0x00, 0x80, 0x80, 0x00, 0x00, 0x80, 0xc0, 0xc0, 0x80, 0x00, 0x00, 0x80, 0x80, 0x00
             -, 0x00, 0x00, 0x00, 0x00, 0x01, 0x01,
 428          0x01, 0x03, 0x03, 0x00, 0x00, 0x00, 0xff, 0xff, 0xff, 0xff, 0xff, 0xff, 0xff, 0xff, 0xff, 0xff, 0xff, 0xff
             -, 0x00, 0x00, 0x00, 0x00, 0x00, 0x00,
 429          0x00, 0x00, 0x00, 0x00, 0x00, 0x00, 0x00, 0x01, 0x07, 0x07, 0x07, 0x07, 0x07, 0x03, 0x07, 0x07, 0x07, 0x07
             -, 0x07, 0x03, 0x01, 0x00, 0x00, 0x00,
 430          0x00, 0x00, 0x00, 0x00, 0x00, 0x00, 0x00, 0x00, 0x00, 0xff, 0xff, 0xff, 0xff, 0xff, 0xff, 0x01, 0x07, 0x07
             -, 0x1f, 0x1f, 0x1f, 0x1f, 0x1f, 0x1f,
 431          0x1f, 0xff, 0xff, 0xff, 0xff, 0xff, 0xff, 0x1f, 0x1f, 0x1f, 0x1f, 0x1f, 0x1f, 0x1f, 0x1f, 0x1f, 0x1f, 0x1f
             -, 0x1f, 0x1f, 0x1f, 0x1f, 0x1f, 0x1f,
 432          0x1f, 0x1f, 0x7f, 0xff, 0xff, 0xff, 0xff, 0xff, 0x7f, 0x1f, 0x1f, 0x1f, 0x1f, 0x1f, 0x1f, 0x07, 0x07, 0x03
             -,
 433          };
C51 COMPILER V9.60.7.0   FONT                                                              12/11/2023 21:20:52 PAGE 13  

 434          
 435          const struct ASCIIFont code afont8x6 = {8, 6, (unsigned char *)ascii_8x6};
 436          const struct ASCIIFont code afont12x6 = {12, 6, (unsigned char *)ascii_12x6};
 437          const struct ASCIIFont code afont16x8 = {16, 8, (unsigned char *)ascii_16x8};
 438          const struct ASCIIFont code afont24x12 = {24, 12, (unsigned char *)ascii_24x12};
 439          const struct Font code font16x16 = {16, 16, (const uint8_t *)zh16x16, 4, &afont16x8};
 440          const struct Image code bilibiliImg = {51, 48, bilibiliData};


MODULE INFORMATION:   STATIC OVERLAYABLE
   CODE SIZE        =   ----    ----
   CONSTANT SIZE    =   7116    ----
   XDATA SIZE       =   ----    ----
   PDATA SIZE       =   ----    ----
   DATA SIZE        =   ----    ----
   IDATA SIZE       =   ----    ----
   BIT SIZE         =   ----    ----
END OF MODULE INFORMATION.


C51 COMPILATION COMPLETE.  0 WARNING(S),  0 ERROR(S)
